This file contains any messages produced by compilers while
running configure, to aid debugging if configure makes a mistake.

It was created by zlib configure 1.1.4, which was
generated by GNU Autoconf 2.69.  Invocation command line was

  $ /home/stroxzu/binutils-2.42/zlib/configure --srcdir=../../../binutils-2.42/zlib --cache-file=./config.cache --with-gnu-as --with-gnu-ld --prefix=/home/stroxzu/opt/cross --with-sysroot --disable-nls --disable-werror --program-transform-name=s&^&i686-elf-& --disable-option-checking --build=x86_64-pc-linux-gnu --host=x86_64-pc-linux-gnu --target=i686-elf

## --------- ##
## Platform. ##
## --------- ##

hostname = LAPTOP-1OUKE04M
uname -m = x86_64
uname -r = 6.6.87.2-microsoft-standard-WSL2
uname -s = Linux
uname -v = #1 SMP PREEMPT_DYNAMIC Thu Jun  5 18:30:46 UTC 2025

/usr/bin/uname -p = x86_64
/bin/uname -X     = unknown

/bin/arch              = x86_64
/usr/bin/arch -k       = unknown
/usr/convex/getsysinfo = unknown
/usr/bin/hostinfo      = unknown
/bin/machine           = unknown
/usr/bin/oslevel       = unknown
/bin/universe          = unknown

PATH: /usr/local/sbin
PATH: /usr/local/bin
PATH: /usr/sbin
PATH: /usr/bin
PATH: /sbin
PATH: /bin
PATH: /usr/games
PATH: /usr/local/games
PATH: /usr/lib/wsl/lib
PATH: /mnt/c/Program Files/Common Files/Oracle/Java/javapath
PATH: /mnt/c/MinGW/bin
PATH: /mnt/c/windows/system32
PATH: /mnt/c/windows
PATH: /mnt/c/windows/System32/Wbem
PATH: /mnt/c/windows/System32/WindowsPowerShell/v1.0/
PATH: /mnt/c/windows/System32/OpenSSH/
PATH: /mnt/c/Program Files/dotnet/
PATH: /mnt/c/Program Files/HP/HP One Agent
PATH: /mnt/c/ProgramData/chocolatey/bin
PATH: /mnt/c/Program Files/Git/cmd
PATH: /mnt/t/
PATH: /mnt/c/WINDOWS/system32
PATH: /mnt/c/WINDOWS
PATH: /mnt/c/WINDOWS/System32/Wbem
PATH: /mnt/c/WINDOWS/System32/WindowsPowerShell/v1.0/
PATH: /mnt/c/WINDOWS/System32/OpenSSH/
PATH: /mnt/c/Program Files (x86)/Windows Kits/10/Windows Performance Toolkit/
PATH: /mnt/c/Users/Tarun kumar/.cargo/bin
PATH: /mnt/t/bin/
PATH: /mnt/c/Users/Tarun kumar/AppData/Local/Programs/Python/Python312/Scripts/
PATH: /mnt/c/Users/Tarun kumar/AppData/Local/Programs/Python/Python312/
PATH: /mnt/c/Users/Tarun kumar/AppData/Local/Microsoft/WindowsApps
PATH: /mnt/t/Microsoft VS Code/bin
PATH: /mnt/c/Users/Tarun kumar/AppData/Local/Programs/Microsoft VS Code/bin
PATH: /mnt/c/Users/Tarun kumar/AppData/Local/Muse Hub/lib
PATH: /mnt/c/Users/Tarun kumar/AppData/Roaming/npm
PATH: /mnt/c/Users/Tarun kumar/.dotnet/tools
PATH: /snap/bin


## ----------- ##
## Core tests. ##
## ----------- ##

configure:2155: creating cache ./config.cache
configure:2309: checking build system type
configure:2323: result: x86_64-pc-linux-gnu
configure:2343: checking host system type
configure:2356: result: x86_64-pc-linux-gnu
configure:2376: checking target system type
configure:2389: result: i686-pc-elf
configure:2437: checking for a BSD-compatible install
configure:2505: result: /usr/bin/install -c
configure:2516: checking whether build environment is sane
configure:2571: result: yes
configure:2722: checking for a thread-safe mkdir -p
configure:2761: result: /usr/bin/mkdir -p
configure:2768: checking for gawk
configure:2795: result: gawk
configure:2806: checking whether make sets $(MAKE)
configure:2828: result: yes
configure:2857: checking whether make supports nested variables
configure:2874: result: yes
configure:3011: checking whether make supports nested variables
configure:3028: result: yes
configure:3041: checking whether to enable maintainer-specific portions of Makefiles
configure:3050: result: no
configure:3121: checking for x86_64-pc-linux-gnu-gcc
configure:3148: result: gcc
configure:3417: checking for C compiler version
configure:3426: gcc --version >&5
gcc (Ubuntu 13.3.0-6ubuntu2~24.04) 13.3.0
Copyright (C) 2023 Free Software Foundation, Inc.
This is free software; see the source for copying conditions.  There is NO
warranty; not even for MERCHANTABILITY or FITNESS FOR A PARTICULAR PURPOSE.

configure:3437: $? = 0
configure:3426: gcc -v >&5
Using built-in specs.
COLLECT_GCC=gcc
COLLECT_LTO_WRAPPER=/usr/libexec/gcc/x86_64-linux-gnu/13/lto-wrapper
OFFLOAD_TARGET_NAMES=nvptx-none:amdgcn-amdhsa
OFFLOAD_TARGET_DEFAULT=1
Target: x86_64-linux-gnu
Configured with: ../src/configure -v --with-pkgversion='Ubuntu 13.3.0-6ubuntu2~24.04' --with-bugurl=file:///usr/share/doc/gcc-13/README.Bugs --enable-languages=c,ada,c++,go,d,fortran,objc,obj-c++,m2 --prefix=/usr --with-gcc-major-version-only --program-suffix=-13 --program-prefix=x86_64-linux-gnu- --enable-shared --enable-linker-build-id --libexecdir=/usr/libexec --without-included-gettext --enable-threads=posix --libdir=/usr/lib --enable-nls --enable-bootstrap --enable-clocale=gnu --enable-libstdcxx-debug --enable-libstdcxx-time=yes --with-default-libstdcxx-abi=new --enable-libstdcxx-backtrace --enable-gnu-unique-object --disable-vtable-verify --enable-plugin --enable-default-pie --with-system-zlib --enable-libphobos-checking=release --with-target-system-zlib=auto --enable-objc-gc=auto --enable-multiarch --disable-werror --enable-cet --with-arch-32=i686 --with-abi=m64 --with-multilib-list=m32,m64,mx32 --enable-multilib --with-tune=generic --enable-offload-targets=nvptx-none=/build/gcc-13-fG75Ri/gcc-13-13.3.0/debian/tmp-nvptx/usr,amdgcn-amdhsa=/build/gcc-13-fG75Ri/gcc-13-13.3.0/debian/tmp-gcn/usr --enable-offload-defaulted --without-cuda-driver --enable-checking=release --build=x86_64-linux-gnu --host=x86_64-linux-gnu --target=x86_64-linux-gnu --with-build-config=bootstrap-lto-lean --enable-link-serialization=2
Thread model: posix
Supported LTO compression algorithms: zlib zstd
gcc version 13.3.0 (Ubuntu 13.3.0-6ubuntu2~24.04) 
... rest of stderr output deleted ...
configure:3437: $? = 0
configure:3426: gcc -V >&5
gcc: error: unrecognized command-line option '-V'
gcc: fatal error: no input files
compilation terminated.
configure:3437: $? = 1
configure:3426: gcc -qversion >&5
gcc: error: unrecognized command-line option '-qversion'; did you mean '--version'?
gcc: fatal error: no input files
compilation terminated.
configure:3437: $? = 1
configure:3453: gcc -o conftest -g -O2        conftest.c  >&5
configure:3456: $? = 0
configure:3485: checking whether the C compiler works
configure:3507: gcc -g -O2        conftest.c  >&5
configure:3511: $? = 0
configure:3559: result: yes
configure:3562: checking for C compiler default output file name
configure:3564: result: a.out
configure:3570: checking for suffix of executables
configure:3577: gcc -o conftest -g -O2        conftest.c  >&5
configure:3581: $? = 0
configure:3603: result: 
configure:3625: checking whether we are cross compiling
configure:3633: gcc -o conftest -g -O2        conftest.c  >&5
configure:3637: $? = 0
configure:3644: ./conftest
configure:3648: $? = 0
configure:3663: result: no
configure:3669: checking for suffix of object files
configure:3691: gcc -c -g -O2      conftest.c >&5
configure:3695: $? = 0
configure:3716: result: o
configure:3720: checking whether we are using the GNU C compiler
configure:3739: gcc -c -g -O2      conftest.c >&5
configure:3739: $? = 0
configure:3748: result: yes
configure:3757: checking whether gcc accepts -g
configure:3777: gcc -c -g  conftest.c >&5
configure:3777: $? = 0
configure:3818: result: yes
configure:3835: checking for gcc option to accept ISO C89
configure:3898: gcc  -c -g -O2      conftest.c >&5
configure:3898: $? = 0
configure:3911: result: none needed
configure:3936: checking whether gcc understands -c and -o together
configure:3958: gcc -c conftest.c -o conftest2.o
configure:3961: $? = 0
configure:3958: gcc -c conftest.c -o conftest2.o
configure:3961: $? = 0
configure:3973: result: yes
configure:4001: checking for style of include used by make
configure:4029: result: GNU
configure:4055: checking dependency style of gcc
configure:4166: result: gcc3
configure:4231: checking how to print strings
configure:4258: result: printf
configure:4279: checking for a sed that does not truncate output
configure:4343: result: /usr/bin/sed
configure:4361: checking for grep that handles long lines and -e
configure:4419: result: /usr/bin/grep
configure:4424: checking for egrep
configure:4486: result: /usr/bin/grep -E
configure:4491: checking for fgrep
configure:4553: result: /usr/bin/grep -F
configure:4588: checking for ld used by gcc
configure:4655: result: ld
configure:4662: checking if the linker (ld) is GNU ld
configure:4677: result: yes
configure:4689: checking for BSD- or MS-compatible name lister (nm)
configure:4745: result: /usr/bin/nm -B
configure:4875: checking the name lister (/usr/bin/nm -B) interface
configure:4882: gcc -c -g -O2      conftest.c >&5
configure:4885: /usr/bin/nm -B "conftest.o"
configure:4888: output
0000000000000000 B some_variable
configure:4895: result: BSD nm
configure:4898: checking whether ln -s works
configure:4902: result: yes
configure:4910: checking the maximum length of command line arguments
configure:5035: result: 1572864
configure:5052: checking whether the shell understands some XSI constructs
configure:5062: result: yes
configure:5066: checking whether the shell understands "+="
configure:5072: result: yes
configure:5107: checking for ld option to reload object files
configure:5114: result: -r
configure:5143: checking for x86_64-pc-linux-gnu-objdump
configure:5170: result: objdump
configure:5242: checking how to recognize dependent libraries
configure:5448: result: pass_all
configure:5481: checking for x86_64-pc-linux-gnu-ar
configure:5508: result: ar --plugin /usr/libexec/gcc/x86_64-linux-gnu/13/liblto_plugin.so
configure:5599: checking for x86_64-pc-linux-gnu-strip
configure:5629: result: no
configure:5639: checking for strip
configure:5655: found /usr/bin/strip
configure:5666: result: strip
configure:5698: checking for x86_64-pc-linux-gnu-ranlib
configure:5725: result: ranlib --plugin /usr/libexec/gcc/x86_64-linux-gnu/13/liblto_plugin.so
configure:5872: checking command to parse /usr/bin/nm -B output from gcc object
configure:5990: gcc -c -g -O2      conftest.c >&5
configure:5993: $? = 0
configure:5997: /usr/bin/nm -B conftest.o \| sed -n -e 's/^.*[ ]\([ABCDGIRSTW][ABCDGIRSTW]*\)[ ][ ]*\([_A-Za-z][_A-Za-z0-9]*\)$/\1 \2 \2/p' \> conftest.nm
configure:6000: $? = 0
configure:6054: gcc -o conftest -g -O2        conftest.c conftstm.o >&5
configure:6057: $? = 0
configure:6095: result: ok
configure:6191: gcc -c -g -O2      conftest.c >&5
configure:6194: $? = 0
configure:6955: checking how to run the C preprocessor
configure:6986: gcc -E  conftest.c
configure:6986: $? = 0
configure:7000: gcc -E  conftest.c
conftest.c:11:10: fatal error: ac_nonexistent.h: No such file or directory
   11 | #include <ac_nonexistent.h>
      |          ^~~~~~~~~~~~~~~~~~
compilation terminated.
configure:7000: $? = 1
configure: failed program was:
| /* confdefs.h */
| #define PACKAGE_NAME "zlib"
| #define PACKAGE_TARNAME "zlib"
| #define PACKAGE_VERSION "1.1.4"
| #define PACKAGE_STRING "zlib 1.1.4"
| #define PACKAGE_BUGREPORT ""
| #define PACKAGE_URL ""
| #define PACKAGE "zlib"
| #define VERSION "1.1.4"
| /* end confdefs.h.  */
| #include <ac_nonexistent.h>
configure:7025: result: gcc -E
configure:7045: gcc -E  conftest.c
configure:7045: $? = 0
configure:7059: gcc -E  conftest.c
conftest.c:11:10: fatal error: ac_nonexistent.h: No such file or directory
   11 | #include <ac_nonexistent.h>
      |          ^~~~~~~~~~~~~~~~~~
compilation terminated.
configure:7059: $? = 1
configure: failed program was:
| /* confdefs.h */
| #define PACKAGE_NAME "zlib"
| #define PACKAGE_TARNAME "zlib"
| #define PACKAGE_VERSION "1.1.4"
| #define PACKAGE_STRING "zlib 1.1.4"
| #define PACKAGE_BUGREPORT ""
| #define PACKAGE_URL ""
| #define PACKAGE "zlib"
| #define VERSION "1.1.4"
| /* end confdefs.h.  */
| #include <ac_nonexistent.h>
configure:7088: checking for ANSI C header files
configure:7108: gcc -c -g -O2      conftest.c >&5
configure:7108: $? = 0
configure:7181: gcc -o conftest -g -O2        conftest.c  >&5
configure:7181: $? = 0
configure:7181: ./conftest
configure:7181: $? = 0
configure:7192: result: yes
configure:7205: checking for sys/types.h
configure:7205: gcc -c -g -O2      conftest.c >&5
configure:7205: $? = 0
configure:7205: result: yes
configure:7205: checking for sys/stat.h
configure:7205: gcc -c -g -O2      conftest.c >&5
configure:7205: $? = 0
configure:7205: result: yes
configure:7205: checking for stdlib.h
configure:7205: gcc -c -g -O2      conftest.c >&5
configure:7205: $? = 0
configure:7205: result: yes
configure:7205: checking for string.h
configure:7205: gcc -c -g -O2      conftest.c >&5
configure:7205: $? = 0
configure:7205: result: yes
configure:7205: checking for memory.h
configure:7205: gcc -c -g -O2      conftest.c >&5
configure:7205: $? = 0
configure:7205: result: yes
configure:7205: checking for strings.h
configure:7205: gcc -c -g -O2      conftest.c >&5
configure:7205: $? = 0
configure:7205: result: yes
configure:7205: checking for inttypes.h
configure:7205: gcc -c -g -O2      conftest.c >&5
configure:7205: $? = 0
configure:7205: result: yes
configure:7205: checking for stdint.h
configure:7205: gcc -c -g -O2      conftest.c >&5
configure:7205: $? = 0
configure:7205: result: yes
configure:7205: checking for unistd.h
configure:7205: gcc -c -g -O2      conftest.c >&5
configure:7205: $? = 0
configure:7205: result: yes
configure:7219: checking for dlfcn.h
configure:7219: gcc -c -g -O2      conftest.c >&5
configure:7219: $? = 0
configure:7219: result: yes
configure:7406: checking for objdir
configure:7421: result: .libs
configure:7692: checking if gcc supports -fno-rtti -fno-exceptions
configure:7710: gcc -c -g -O2      -fno-rtti -fno-exceptions conftest.c >&5
cc1: warning: command-line option '-fno-rtti' is valid for C++/D/ObjC++ but not for C
configure:7714: $? = 0
configure:7727: result: no
configure:7747: checking for gcc option to produce PIC
configure:8033: result: -fPIC -DPIC
configure:8045: checking if gcc PIC flag -fPIC -DPIC works
configure:8063: gcc -c -g -O2      -fPIC -DPIC -DPIC conftest.c >&5
configure:8067: $? = 0
configure:8080: result: yes
configure:8104: checking if gcc static flag -static works
configure:8132: result: yes
configure:8147: checking if gcc supports -c -o file.o
configure:8168: gcc -c -g -O2      -o out/conftest2.o conftest.c >&5
configure:8172: $? = 0
configure:8194: result: yes
configure:8202: checking if gcc supports -c -o file.o
configure:8249: result: yes
configure:8282: checking whether the gcc linker (ld -m elf_x86_64) supports shared libraries
configure:9362: result: yes
configure:9399: checking whether -lc should be explicitly linked in
configure:9407: gcc -c -g -O2      conftest.c >&5
configure:9410: $? = 0
configure:9425: gcc -shared  -fPIC -DPIC conftest.o  -v -Wl,-soname -Wl,conftest -o conftest 2\>\&1 \| /usr/bin/grep  -lc  \>/dev/null 2\>\&1
configure:9428: $? = 0
configure:9442: result: no
configure:9607: checking dynamic linker characteristics
configure:10056: gcc -o conftest -g -O2        -Wl,-rpath -Wl,/foo conftest.c  >&5
configure:10056: $? = 0
configure:10297: result: GNU/Linux ld.so
configure:10404: checking how to hardcode library paths into programs
configure:10429: result: immediate
configure:10984: checking whether stripping libraries is possible
configure:10989: result: yes
configure:11024: checking if libtool supports shared libraries
configure:11026: result: yes
configure:11029: checking whether to build shared libraries
configure:11050: result: yes
configure:11053: checking whether to build static libraries
configure:11057: result: yes
configure:11100: checking how to run the C preprocessor
configure:11170: result: gcc -E
configure:11190: gcc -E  conftest.c
configure:11190: $? = 0
configure:11204: gcc -E  conftest.c
conftest.c:23:10: fatal error: ac_nonexistent.h: No such file or directory
   23 | #include <ac_nonexistent.h>
      |          ^~~~~~~~~~~~~~~~~~
compilation terminated.
configure:11204: $? = 1
configure: failed program was:
| /* confdefs.h */
| #define PACKAGE_NAME "zlib"
| #define PACKAGE_TARNAME "zlib"
| #define PACKAGE_VERSION "1.1.4"
| #define PACKAGE_STRING "zlib 1.1.4"
| #define PACKAGE_BUGREPORT ""
| #define PACKAGE_URL ""
| #define PACKAGE "zlib"
| #define VERSION "1.1.4"
| #define STDC_HEADERS 1
| #define HAVE_SYS_TYPES_H 1
| #define HAVE_SYS_STAT_H 1
| #define HAVE_STDLIB_H 1
| #define HAVE_STRING_H 1
| #define HAVE_MEMORY_H 1
| #define HAVE_STRINGS_H 1
| #define HAVE_INTTYPES_H 1
| #define HAVE_STDINT_H 1
| #define HAVE_UNISTD_H 1
| #define HAVE_DLFCN_H 1
| #define LT_OBJDIR ".libs/"
| /* end confdefs.h.  */
| #include <ac_nonexistent.h>
configure:11260: checking for stdlib.h
configure:11260: result: yes
configure:11260: checking for unistd.h
configure:11260: result: yes
configure:11260: checking for sys/param.h
configure:11260: gcc -c -g -O2      conftest.c >&5
configure:11260: $? = 0
configure:11260: result: yes
configure:11280: checking for getpagesize
configure:11280: gcc -o conftest -g -O2        conftest.c  >&5
configure:11280: $? = 0
configure:11280: result: yes
configure:11289: checking for working mmap
configure:11436: gcc -o conftest -g -O2        conftest.c  >&5
configure:11436: $? = 0
configure:11436: ./conftest
configure:11436: $? = 0
configure:11446: result: yes
configure:11459: checking for memcpy
configure:11459: gcc -o conftest -g -O2        conftest.c  >&5
conftest.c:51:6: warning: conflicting types for built-in function 'memcpy'; expected 'void *(void *, const void *, long unsigned int)' [-Wbuiltin-declaration-mismatch]
   51 | char memcpy ();
      |      ^~~~~~
conftest.c:39:1: note: 'memcpy' is declared in header '<string.h>'
   38 | # include <limits.h>
   39 | #else
configure:11459: $? = 0
configure:11459: result: yes
configure:11459: checking for strerror
configure:11459: gcc -o conftest -g -O2        conftest.c  >&5
configure:11459: $? = 0
configure:11459: result: yes
configure:11524: checking for unistd.h
configure:11524: result: yes
configure:11654: updating cache ./config.cache
configure:11734: checking that generated files are newer than configure
configure:11740: result: done
configure:11771: creating ./config.status

## ---------------------- ##
## Running config.status. ##
## ---------------------- ##

This file was extended by zlib config.status 1.1.4, which was
generated by GNU Autoconf 2.69.  Invocation command line was

  CONFIG_FILES    = 
  CONFIG_HEADERS  = 
  CONFIG_LINKS    = 
  CONFIG_COMMANDS = 
  $ ./config.status 

on LAPTOP-1OUKE04M

config.status:1023: creating Makefile
config.status:1180: executing depfiles commands
config.status:1180: executing libtool commands

## ---------------- ##
## Cache variables. ##
## ---------------- ##

ac_cv_build=x86_64-pc-linux-gnu
ac_cv_c_compiler_gnu=yes
ac_cv_env_CPPFLAGS_set=
ac_cv_env_CPPFLAGS_value=
ac_cv_env_CPP_set=
ac_cv_env_CPP_value=
ac_cv_env_build_alias_set=set
ac_cv_env_build_alias_value=x86_64-pc-linux-gnu
ac_cv_env_host_alias_set=set
ac_cv_env_host_alias_value=x86_64-pc-linux-gnu
ac_cv_env_target_alias_set=set
ac_cv_env_target_alias_value=i686-elf
ac_cv_func_getpagesize=yes
ac_cv_func_memcpy=yes
ac_cv_func_mmap_fixed_mapped=yes
ac_cv_func_strerror=yes
ac_cv_header_dlfcn_h=yes
ac_cv_header_inttypes_h=yes
ac_cv_header_memory_h=yes
ac_cv_header_stdc=yes
ac_cv_header_stdint_h=yes
ac_cv_header_stdlib_h=yes
ac_cv_header_string_h=yes
ac_cv_header_strings_h=yes
ac_cv_header_sys_param_h=yes
ac_cv_header_sys_stat_h=yes
ac_cv_header_sys_types_h=yes
ac_cv_header_unistd_h=yes
ac_cv_host=x86_64-pc-linux-gnu
ac_cv_objext=o
ac_cv_path_EGREP='/usr/bin/grep -E'
ac_cv_path_FGREP='/usr/bin/grep -F'
ac_cv_path_GREP=/usr/bin/grep
ac_cv_path_SED=/usr/bin/sed
ac_cv_path_mkdir=/usr/bin/mkdir
ac_cv_prog_AR='ar --plugin /usr/libexec/gcc/x86_64-linux-gnu/13/liblto_plugin.so'
ac_cv_prog_AWK=gawk
ac_cv_prog_CC=gcc
ac_cv_prog_CPP='gcc -E'
ac_cv_prog_OBJDUMP=objdump
ac_cv_prog_RANLIB='ranlib --plugin /usr/libexec/gcc/x86_64-linux-gnu/13/liblto_plugin.so'
ac_cv_prog_ac_ct_STRIP=strip
ac_cv_prog_cc_c89=
ac_cv_prog_cc_g=yes
ac_cv_prog_make_make_set=yes
ac_cv_target=i686-pc-elf
am_cv_CC_dependencies_compiler_type=gcc3
am_cv_make_support_nested_variables=yes
am_cv_prog_cc_c_o=yes
lt_cv_archive_cmds_need_lc=no
lt_cv_deplibs_check_method=pass_all
lt_cv_file_magic_cmd='$MAGIC_CMD'
lt_cv_file_magic_test_file=
lt_cv_ld_reload_flag=-r
lt_cv_nm_interface='BSD nm'
lt_cv_objdir=.libs
lt_cv_path_LD=ld
lt_cv_path_NM='/usr/bin/nm -B'
lt_cv_prog_compiler_c_o=yes
lt_cv_prog_compiler_pic_works=yes
lt_cv_prog_compiler_rtti_exceptions=no
lt_cv_prog_compiler_static_works=yes
lt_cv_prog_gnu_ld=yes
lt_cv_shlibpath_overrides_runpath=yes
lt_cv_sys_global_symbol_pipe='sed -n -e '\''s/^.*[	 ]\([ABCDGIRSTW][ABCDGIRSTW]*\)[	 ][	 ]*\([_A-Za-z][_A-Za-z0-9]*\)$/\1 \2 \2/p'\'''
lt_cv_sys_global_symbol_to_c_name_address='sed -n -e '\''s/^: \([^ ]*\) $/  {\"\1\", (void *) 0},/p'\'' -e '\''s/^[ABCDGIRSTW]* \([^ ]*\) \([^ ]*\)$/  {"\2", (void *) \&\2},/p'\'''
lt_cv_sys_global_symbol_to_c_name_address_lib_prefix='sed -n -e '\''s/^: \([^ ]*\) $/  {\"\1\", (void *) 0},/p'\'' -e '\''s/^[ABCDGIRSTW]* \([^ ]*\) \(lib[^ ]*\)$/  {"\2", (void *) \&\2},/p'\'' -e '\''s/^[ABCDGIRSTW]* \([^ ]*\) \([^ ]*\)$/  {"lib\2", (void *) \&\2},/p'\'''
lt_cv_sys_global_symbol_to_cdecl='sed -n -e '\''s/^T .* \(.*\)$/extern int \1();/p'\'' -e '\''s/^[ABCDGIRSTW]* .* \(.*\)$/extern char \1;/p'\'''
lt_cv_sys_max_cmd_len=1572864

## ----------------- ##
## Output variables. ##
## ----------------- ##

ACLOCAL='${SHELL} /home/stroxzu/binutils-2.42/missing aclocal-1.15'
AMDEPBACKSLASH='\'
AMDEP_FALSE='#'
AMDEP_TRUE=''
AMTAR='$${TAR-tar}'
AM_BACKSLASH='\'
AM_DEFAULT_V='$(AM_DEFAULT_VERBOSITY)'
AM_DEFAULT_VERBOSITY='0'
AM_V='$(V)'
AR='ar --plugin /usr/libexec/gcc/x86_64-linux-gnu/13/liblto_plugin.so --plugin /usr/libexec/gcc/x86_64-linux-gnu/13/liblto_plugin.so'
AUTOCONF='${SHELL} /home/stroxzu/binutils-2.42/missing autoconf'
AUTOHEADER='${SHELL} /home/stroxzu/binutils-2.42/missing autoheader'
AUTOMAKE='${SHELL} /home/stroxzu/binutils-2.42/missing automake-1.15'
AWK='gawk'
CC='gcc'
CCDEPMODE='depmode=gcc3'
CFLAGS='-g -O2    '
COMPPATH='.'
CPP='gcc -E'
CPPFLAGS=''
CYGPATH_W='echo'
DEFS='-DPACKAGE_NAME=\"zlib\" -DPACKAGE_TARNAME=\"zlib\" -DPACKAGE_VERSION=\"1.1.4\" -DPACKAGE_STRING=\"zlib\ 1.1.4\" -DPACKAGE_BUGREPORT=\"\" -DPACKAGE_URL=\"\" -DPACKAGE=\"zlib\" -DVERSION=\"1.1.4\" -DSTDC_HEADERS=1 -DHAVE_SYS_TYPES_H=1 -DHAVE_SYS_STAT_H=1 -DHAVE_STDLIB_H=1 -DHAVE_STRING_H=1 -DHAVE_MEMORY_H=1 -DHAVE_STRINGS_H=1 -DHAVE_INTTYPES_H=1 -DHAVE_STDINT_H=1 -DHAVE_UNISTD_H=1 -DHAVE_DLFCN_H=1 -DLT_OBJDIR=\".libs/\" -DHAVE_STDLIB_H=1 -DHAVE_UNISTD_H=1 -DHAVE_SYS_PARAM_H=1 -DHAVE_GETPAGESIZE=1 -DHAVE_MMAP=1 -DHAVE_MEMCPY=1 -DHAVE_STRERROR=1 -DHAVE_UNISTD_H=1'
DEPDIR='.deps'
DSYMUTIL='dsymutil'
DUMPBIN=''
ECHO_C=''
ECHO_N='-n'
ECHO_T=''
EGREP='/usr/bin/grep -E'
EXEEXT=''
FGREP='/usr/bin/grep -F'
GREP='/usr/bin/grep'
INSTALL_DATA='/usr/bin/install -c -m 644'
INSTALL_PROGRAM='/usr/bin/install -c'
INSTALL_SCRIPT='/usr/bin/install -c'
INSTALL_STRIP_PROGRAM='$(install_sh) -c -s'
LD='ld -m elf_x86_64'
LDFLAGS=' '
LIBOBJS=''
LIBS=''
LIBTOOL='$(SHELL) $(top_builddir)/libtool'
LIPO=''
LN_S='ln -s'
LTLIBOBJS=''
MAINT='#'
MAINTAINER_MODE_FALSE=''
MAINTAINER_MODE_TRUE='#'
MAKEINFO='makeinfo --split-size=5000000'
MKDIR_P='/usr/bin/mkdir -p'
NM='/usr/bin/nm -B'
NMEDIT=''
OBJDUMP='objdump'
OBJEXT='o'
OTOOL64=''
OTOOL='otool'
PACKAGE='zlib'
PACKAGE_BUGREPORT=''
PACKAGE_NAME='zlib'
PACKAGE_STRING='zlib 1.1.4'
PACKAGE_TARNAME='zlib'
PACKAGE_URL=''
PACKAGE_VERSION='1.1.4'
PATH_SEPARATOR=':'
PICFLAG=''
RANLIB='ranlib --plugin /usr/libexec/gcc/x86_64-linux-gnu/13/liblto_plugin.so --plugin /usr/libexec/gcc/x86_64-linux-gnu/13/liblto_plugin.so'
SED='/usr/bin/sed'
SET_MAKE=''
SHELL='/bin/bash'
STRIP='strip'
TARGET_LIBRARY_FALSE=''
TARGET_LIBRARY_TRUE='#'
VERSION='1.1.4'
ac_ct_CC=''
ac_ct_DUMPBIN=''
am__EXEEXT_FALSE=''
am__EXEEXT_TRUE='#'
am__fastdepCC_FALSE='#'
am__fastdepCC_TRUE=''
am__include='include'
am__isrc=' -I$(srcdir)'
am__leading_dot='.'
am__nodep='_no'
am__quote=''
am__tar='$${TAR-tar} chof - "$$tardir"'
am__untar='$${TAR-tar} xf -'
bindir='${exec_prefix}/bin'
build='x86_64-pc-linux-gnu'
build_alias='x86_64-pc-linux-gnu'
build_cpu='x86_64'
build_os='linux-gnu'
build_vendor='pc'
datadir='${datarootdir}'
datarootdir='${prefix}/share'
docdir='${datarootdir}/doc/${PACKAGE_TARNAME}'
dvidir='${docdir}'
enable_host_pie=''
enable_host_shared=''
exec_prefix='${prefix}'
host='x86_64-pc-linux-gnu'
host_alias='x86_64-pc-linux-gnu'
host_cpu='x86_64'
host_os='linux-gnu'
host_vendor='pc'
htmldir='${docdir}'
includedir='${prefix}/include'
infodir='${datarootdir}/info'
install_sh='${SHELL} /home/stroxzu/binutils-2.42/install-sh'
libdir='${exec_prefix}/lib'
libexecdir='${exec_prefix}/libexec'
localedir='${datarootdir}/locale'
localstatedir='${prefix}/var'
mandir='${datarootdir}/man'
mkdir_p='$(MKDIR_P)'
mkinstalldirs='/home/stroxzu/binutils-2.42/mkinstalldirs'
multi_basedir=''
oldincludedir='/usr/include'
pdfdir='${docdir}'
prefix='/home/stroxzu/opt/cross'
program_transform_name='s&^&i686-elf-&'
psdir='${docdir}'
sbindir='${exec_prefix}/sbin'
sharedstatedir='${prefix}/com'
sysconfdir='${prefix}/etc'
target='i686-pc-elf'
target_alias='i686-elf'
target_all='libzgcj.la'
target_cpu='i686'
target_os='elf'
target_vendor='pc'
toolexecdir='$(libdir)/gcc-lib/$(target_alias)'
toolexeclibdir='$(libdir)/../lib'

## ----------- ##
## confdefs.h. ##
## ----------- ##

/* confdefs.h */
#define PACKAGE_NAME "zlib"
#define PACKAGE_TARNAME "zlib"
#define PACKAGE_VERSION "1.1.4"
#define PACKAGE_STRING "zlib 1.1.4"
#define PACKAGE_BUGREPORT ""
#define PACKAGE_URL ""
#define PACKAGE "zlib"
#define VERSION "1.1.4"
#define STDC_HEADERS 1
#define HAVE_SYS_TYPES_H 1
#define HAVE_SYS_STAT_H 1
#define HAVE_STDLIB_H 1
#define HAVE_STRING_H 1
#define HAVE_MEMORY_H 1
#define HAVE_STRINGS_H 1
#define HAVE_INTTYPES_H 1
#define HAVE_STDINT_H 1
#define HAVE_UNISTD_H 1
#define HAVE_DLFCN_H 1
#define LT_OBJDIR ".libs/"
#define HAVE_STDLIB_H 1
#define HAVE_UNISTD_H 1
#define HAVE_SYS_PARAM_H 1
#define HAVE_GETPAGESIZE 1
#define HAVE_MMAP 1
#define HAVE_MEMCPY 1
#define HAVE_STRERROR 1
#define HAVE_UNISTD_H 1

configure: exit 0
