This file contains any messages produced by compilers while
running configure, to aid debugging if configure makes a mistake.

It was created by libsframe configure BFD_VERSION, which was
generated by GNU Autoconf 2.69.  Invocation command line was

  $ /home/stroxzu/binutils-2.42/libsframe/configure --srcdir=../../../binutils-2.42/libsframe --cache-file=./config.cache --with-gnu-as --with-gnu-ld --prefix=/home/stroxzu/opt/cross --with-sysroot --disable-nls --disable-werror --program-transform-name=s&^&i686-elf-& --disable-option-checking --build=x86_64-pc-linux-gnu --host=x86_64-pc-linux-gnu --target=i686-elf

## --------- ##
## Platform. ##
## --------- ##

hostname = LAPTOP-1OUKE04M
uname -m = x86_64
uname -r = 6.6.87.2-microsoft-standard-WSL2
uname -s = Linux
uname -v = #1 SMP PREEMPT_DYNAMIC Thu Jun  5 18:30:46 UTC 2025

/usr/bin/uname -p = x86_64
/bin/uname -X     = unknown

/bin/arch              = x86_64
/usr/bin/arch -k       = unknown
/usr/convex/getsysinfo = unknown
/usr/bin/hostinfo      = unknown
/bin/machine           = unknown
/usr/bin/oslevel       = unknown
/bin/universe          = unknown

PATH: /usr/local/sbin
PATH: /usr/local/bin
PATH: /usr/sbin
PATH: /usr/bin
PATH: /sbin
PATH: /bin
PATH: /usr/games
PATH: /usr/local/games
PATH: /usr/lib/wsl/lib
PATH: /mnt/c/Program Files/Common Files/Oracle/Java/javapath
PATH: /mnt/c/MinGW/bin
PATH: /mnt/c/windows/system32
PATH: /mnt/c/windows
PATH: /mnt/c/windows/System32/Wbem
PATH: /mnt/c/windows/System32/WindowsPowerShell/v1.0/
PATH: /mnt/c/windows/System32/OpenSSH/
PATH: /mnt/c/Program Files/dotnet/
PATH: /mnt/c/Program Files/HP/HP One Agent
PATH: /mnt/c/ProgramData/chocolatey/bin
PATH: /mnt/c/Program Files/Git/cmd
PATH: /mnt/t/
PATH: /mnt/c/WINDOWS/system32
PATH: /mnt/c/WINDOWS
PATH: /mnt/c/WINDOWS/System32/Wbem
PATH: /mnt/c/WINDOWS/System32/WindowsPowerShell/v1.0/
PATH: /mnt/c/WINDOWS/System32/OpenSSH/
PATH: /mnt/c/Program Files (x86)/Windows Kits/10/Windows Performance Toolkit/
PATH: /mnt/c/Users/Tarun kumar/.cargo/bin
PATH: /mnt/t/bin/
PATH: /mnt/c/Users/Tarun kumar/AppData/Local/Programs/Python/Python312/Scripts/
PATH: /mnt/c/Users/Tarun kumar/AppData/Local/Programs/Python/Python312/
PATH: /mnt/c/Users/Tarun kumar/AppData/Local/Microsoft/WindowsApps
PATH: /mnt/t/Microsoft VS Code/bin
PATH: /mnt/c/Users/Tarun kumar/AppData/Local/Programs/Microsoft VS Code/bin
PATH: /mnt/c/Users/Tarun kumar/AppData/Local/Muse Hub/lib
PATH: /mnt/c/Users/Tarun kumar/AppData/Roaming/npm
PATH: /mnt/c/Users/Tarun kumar/.dotnet/tools
PATH: /snap/bin


## ----------- ##
## Core tests. ##
## ----------- ##

configure:2194: creating cache ./config.cache
configure:2314: checking for x86_64-pc-linux-gnu-gcc
configure:2341: result: gcc
configure:2610: checking for C compiler version
configure:2619: gcc --version >&5
gcc (Ubuntu 13.3.0-6ubuntu2~24.04) 13.3.0
Copyright (C) 2023 Free Software Foundation, Inc.
This is free software; see the source for copying conditions.  There is NO
warranty; not even for MERCHANTABILITY or FITNESS FOR A PARTICULAR PURPOSE.

configure:2630: $? = 0
configure:2619: gcc -v >&5
Using built-in specs.
COLLECT_GCC=gcc
COLLECT_LTO_WRAPPER=/usr/libexec/gcc/x86_64-linux-gnu/13/lto-wrapper
OFFLOAD_TARGET_NAMES=nvptx-none:amdgcn-amdhsa
OFFLOAD_TARGET_DEFAULT=1
Target: x86_64-linux-gnu
Configured with: ../src/configure -v --with-pkgversion='Ubuntu 13.3.0-6ubuntu2~24.04' --with-bugurl=file:///usr/share/doc/gcc-13/README.Bugs --enable-languages=c,ada,c++,go,d,fortran,objc,obj-c++,m2 --prefix=/usr --with-gcc-major-version-only --program-suffix=-13 --program-prefix=x86_64-linux-gnu- --enable-shared --enable-linker-build-id --libexecdir=/usr/libexec --without-included-gettext --enable-threads=posix --libdir=/usr/lib --enable-nls --enable-bootstrap --enable-clocale=gnu --enable-libstdcxx-debug --enable-libstdcxx-time=yes --with-default-libstdcxx-abi=new --enable-libstdcxx-backtrace --enable-gnu-unique-object --disable-vtable-verify --enable-plugin --enable-default-pie --with-system-zlib --enable-libphobos-checking=release --with-target-system-zlib=auto --enable-objc-gc=auto --enable-multiarch --disable-werror --enable-cet --with-arch-32=i686 --with-abi=m64 --with-multilib-list=m32,m64,mx32 --enable-multilib --with-tune=generic --enable-offload-targets=nvptx-none=/build/gcc-13-fG75Ri/gcc-13-13.3.0/debian/tmp-nvptx/usr,amdgcn-amdhsa=/build/gcc-13-fG75Ri/gcc-13-13.3.0/debian/tmp-gcn/usr --enable-offload-defaulted --without-cuda-driver --enable-checking=release --build=x86_64-linux-gnu --host=x86_64-linux-gnu --target=x86_64-linux-gnu --with-build-config=bootstrap-lto-lean --enable-link-serialization=2
Thread model: posix
Supported LTO compression algorithms: zlib zstd
gcc version 13.3.0 (Ubuntu 13.3.0-6ubuntu2~24.04) 
... rest of stderr output deleted ...
configure:2630: $? = 0
configure:2619: gcc -V >&5
gcc: error: unrecognized command-line option '-V'
gcc: fatal error: no input files
compilation terminated.
configure:2630: $? = 1
configure:2619: gcc -qversion >&5
gcc: error: unrecognized command-line option '-qversion'; did you mean '--version'?
gcc: fatal error: no input files
compilation terminated.
configure:2630: $? = 1
configure:2650: checking whether the C compiler works
configure:2672: gcc -g -O2        conftest.c  >&5
configure:2676: $? = 0
configure:2724: result: yes
configure:2727: checking for C compiler default output file name
configure:2729: result: a.out
configure:2735: checking for suffix of executables
configure:2742: gcc -o conftest -g -O2        conftest.c  >&5
configure:2746: $? = 0
configure:2768: result: 
configure:2790: checking whether we are cross compiling
configure:2798: gcc -o conftest -g -O2        conftest.c  >&5
configure:2802: $? = 0
configure:2809: ./conftest
configure:2813: $? = 0
configure:2828: result: no
configure:2833: checking for suffix of object files
configure:2855: gcc -c -g -O2      conftest.c >&5
configure:2859: $? = 0
configure:2880: result: o
configure:2884: checking whether we are using the GNU C compiler
configure:2903: gcc -c -g -O2      conftest.c >&5
configure:2903: $? = 0
configure:2912: result: yes
configure:2921: checking whether gcc accepts -g
configure:2941: gcc -c -g  conftest.c >&5
configure:2941: $? = 0
configure:2982: result: yes
configure:2999: checking for gcc option to accept ISO C89
configure:3062: gcc  -c -g -O2      conftest.c >&5
configure:3062: $? = 0
configure:3075: result: none needed
configure:3100: checking whether gcc understands -c and -o together
configure:3122: gcc -c conftest.c -o conftest2.o
configure:3125: $? = 0
configure:3122: gcc -c conftest.c -o conftest2.o
configure:3125: $? = 0
configure:3137: result: yes
configure:3160: checking how to run the C preprocessor
configure:3191: gcc -E  conftest.c
configure:3191: $? = 0
configure:3205: gcc -E  conftest.c
conftest.c:9:10: fatal error: ac_nonexistent.h: No such file or directory
    9 | #include <ac_nonexistent.h>
      |          ^~~~~~~~~~~~~~~~~~
compilation terminated.
configure:3205: $? = 1
configure: failed program was:
| /* confdefs.h */
| #define PACKAGE_NAME "libsframe"
| #define PACKAGE_TARNAME "libsframe"
| #define PACKAGE_VERSION "BFD_VERSION"
| #define PACKAGE_STRING "libsframe BFD_VERSION"
| #define PACKAGE_BUGREPORT ""
| #define PACKAGE_URL ""
| /* end confdefs.h.  */
| #include <ac_nonexistent.h>
configure:3230: result: gcc -E
configure:3250: gcc -E  conftest.c
configure:3250: $? = 0
configure:3264: gcc -E  conftest.c
conftest.c:9:10: fatal error: ac_nonexistent.h: No such file or directory
    9 | #include <ac_nonexistent.h>
      |          ^~~~~~~~~~~~~~~~~~
compilation terminated.
configure:3264: $? = 1
configure: failed program was:
| /* confdefs.h */
| #define PACKAGE_NAME "libsframe"
| #define PACKAGE_TARNAME "libsframe"
| #define PACKAGE_VERSION "BFD_VERSION"
| #define PACKAGE_STRING "libsframe BFD_VERSION"
| #define PACKAGE_BUGREPORT ""
| #define PACKAGE_URL ""
| /* end confdefs.h.  */
| #include <ac_nonexistent.h>
configure:3293: checking for grep that handles long lines and -e
configure:3351: result: /usr/bin/grep
configure:3356: checking for egrep
configure:3418: result: /usr/bin/grep -E
configure:3423: checking for ANSI C header files
configure:3443: gcc -c -g -O2      conftest.c >&5
configure:3443: $? = 0
configure:3516: gcc -o conftest -g -O2        conftest.c  >&5
configure:3516: $? = 0
configure:3516: ./conftest
configure:3516: $? = 0
configure:3527: result: yes
configure:3540: checking for sys/types.h
configure:3540: gcc -c -g -O2      conftest.c >&5
configure:3540: $? = 0
configure:3540: result: yes
configure:3540: checking for sys/stat.h
configure:3540: gcc -c -g -O2      conftest.c >&5
configure:3540: $? = 0
configure:3540: result: yes
configure:3540: checking for stdlib.h
configure:3540: gcc -c -g -O2      conftest.c >&5
configure:3540: $? = 0
configure:3540: result: yes
configure:3540: checking for string.h
configure:3540: gcc -c -g -O2      conftest.c >&5
configure:3540: $? = 0
configure:3540: result: yes
configure:3540: checking for memory.h
configure:3540: gcc -c -g -O2      conftest.c >&5
configure:3540: $? = 0
configure:3540: result: yes
configure:3540: checking for strings.h
configure:3540: gcc -c -g -O2      conftest.c >&5
configure:3540: $? = 0
configure:3540: result: yes
configure:3540: checking for inttypes.h
configure:3540: gcc -c -g -O2      conftest.c >&5
configure:3540: $? = 0
configure:3540: result: yes
configure:3540: checking for stdint.h
configure:3540: gcc -c -g -O2      conftest.c >&5
configure:3540: $? = 0
configure:3540: result: yes
configure:3540: checking for unistd.h
configure:3540: gcc -c -g -O2      conftest.c >&5
configure:3540: $? = 0
configure:3540: result: yes
configure:3553: checking minix/config.h usability
configure:3553: gcc -c -g -O2      conftest.c >&5
conftest.c:52:10: fatal error: minix/config.h: No such file or directory
   52 | #include <minix/config.h>
      |          ^~~~~~~~~~~~~~~~
compilation terminated.
configure:3553: $? = 1
configure: failed program was:
| /* confdefs.h */
| #define PACKAGE_NAME "libsframe"
| #define PACKAGE_TARNAME "libsframe"
| #define PACKAGE_VERSION "BFD_VERSION"
| #define PACKAGE_STRING "libsframe BFD_VERSION"
| #define PACKAGE_BUGREPORT ""
| #define PACKAGE_URL ""
| #define STDC_HEADERS 1
| #define HAVE_SYS_TYPES_H 1
| #define HAVE_SYS_STAT_H 1
| #define HAVE_STDLIB_H 1
| #define HAVE_STRING_H 1
| #define HAVE_MEMORY_H 1
| #define HAVE_STRINGS_H 1
| #define HAVE_INTTYPES_H 1
| #define HAVE_STDINT_H 1
| #define HAVE_UNISTD_H 1
| /* end confdefs.h.  */
| #include <stdio.h>
| #ifdef HAVE_SYS_TYPES_H
| # include <sys/types.h>
| #endif
| #ifdef HAVE_SYS_STAT_H
| # include <sys/stat.h>
| #endif
| #ifdef STDC_HEADERS
| # include <stdlib.h>
| # include <stddef.h>
| #else
| # ifdef HAVE_STDLIB_H
| #  include <stdlib.h>
| # endif
| #endif
| #ifdef HAVE_STRING_H
| # if !defined STDC_HEADERS && defined HAVE_MEMORY_H
| #  include <memory.h>
| # endif
| # include <string.h>
| #endif
| #ifdef HAVE_STRINGS_H
| # include <strings.h>
| #endif
| #ifdef HAVE_INTTYPES_H
| # include <inttypes.h>
| #endif
| #ifdef HAVE_STDINT_H
| # include <stdint.h>
| #endif
| #ifdef HAVE_UNISTD_H
| # include <unistd.h>
| #endif
| #include <minix/config.h>
configure:3553: result: no
configure:3553: checking minix/config.h presence
configure:3553: gcc -E  conftest.c
conftest.c:19:10: fatal error: minix/config.h: No such file or directory
   19 | #include <minix/config.h>
      |          ^~~~~~~~~~~~~~~~
compilation terminated.
configure:3553: $? = 1
configure: failed program was:
| /* confdefs.h */
| #define PACKAGE_NAME "libsframe"
| #define PACKAGE_TARNAME "libsframe"
| #define PACKAGE_VERSION "BFD_VERSION"
| #define PACKAGE_STRING "libsframe BFD_VERSION"
| #define PACKAGE_BUGREPORT ""
| #define PACKAGE_URL ""
| #define STDC_HEADERS 1
| #define HAVE_SYS_TYPES_H 1
| #define HAVE_SYS_STAT_H 1
| #define HAVE_STDLIB_H 1
| #define HAVE_STRING_H 1
| #define HAVE_MEMORY_H 1
| #define HAVE_STRINGS_H 1
| #define HAVE_INTTYPES_H 1
| #define HAVE_STDINT_H 1
| #define HAVE_UNISTD_H 1
| /* end confdefs.h.  */
| #include <minix/config.h>
configure:3553: result: no
configure:3553: checking for minix/config.h
configure:3553: result: no
configure:3574: checking whether it is safe to define __EXTENSIONS__
configure:3592: gcc -c -g -O2      conftest.c >&5
configure:3592: $? = 0
configure:3599: result: yes
configure:3629: checking for a BSD-compatible install
configure:3697: result: /usr/bin/install -c
configure:3708: checking whether build environment is sane
configure:3763: result: yes
configure:3911: checking for a thread-safe mkdir -p
configure:3950: result: /usr/bin/mkdir -p
configure:3957: checking for gawk
configure:3984: result: gawk
configure:3995: checking whether make sets $(MAKE)
configure:4017: result: yes
configure:4047: checking for style of include used by make
configure:4075: result: GNU
configure:4109: checking whether make supports nested variables
configure:4126: result: yes
configure:4211: checking dependency style of gcc
configure:4322: result: gcc3
configure:4391: checking whether make supports nested variables
configure:4408: result: yes
configure:4421: checking whether make sets $(MAKE)
configure:4443: result: yes
configure:4460: checking for x86_64-pc-linux-gnu-gcc
configure:4487: result: gcc
configure:4756: checking for C compiler version
configure:4765: gcc --version >&5
gcc (Ubuntu 13.3.0-6ubuntu2~24.04) 13.3.0
Copyright (C) 2023 Free Software Foundation, Inc.
This is free software; see the source for copying conditions.  There is NO
warranty; not even for MERCHANTABILITY or FITNESS FOR A PARTICULAR PURPOSE.

configure:4776: $? = 0
configure:4765: gcc -v >&5
Using built-in specs.
COLLECT_GCC=gcc
COLLECT_LTO_WRAPPER=/usr/libexec/gcc/x86_64-linux-gnu/13/lto-wrapper
OFFLOAD_TARGET_NAMES=nvptx-none:amdgcn-amdhsa
OFFLOAD_TARGET_DEFAULT=1
Target: x86_64-linux-gnu
Configured with: ../src/configure -v --with-pkgversion='Ubuntu 13.3.0-6ubuntu2~24.04' --with-bugurl=file:///usr/share/doc/gcc-13/README.Bugs --enable-languages=c,ada,c++,go,d,fortran,objc,obj-c++,m2 --prefix=/usr --with-gcc-major-version-only --program-suffix=-13 --program-prefix=x86_64-linux-gnu- --enable-shared --enable-linker-build-id --libexecdir=/usr/libexec --without-included-gettext --enable-threads=posix --libdir=/usr/lib --enable-nls --enable-bootstrap --enable-clocale=gnu --enable-libstdcxx-debug --enable-libstdcxx-time=yes --with-default-libstdcxx-abi=new --enable-libstdcxx-backtrace --enable-gnu-unique-object --disable-vtable-verify --enable-plugin --enable-default-pie --with-system-zlib --enable-libphobos-checking=release --with-target-system-zlib=auto --enable-objc-gc=auto --enable-multiarch --disable-werror --enable-cet --with-arch-32=i686 --with-abi=m64 --with-multilib-list=m32,m64,mx32 --enable-multilib --with-tune=generic --enable-offload-targets=nvptx-none=/build/gcc-13-fG75Ri/gcc-13-13.3.0/debian/tmp-nvptx/usr,amdgcn-amdhsa=/build/gcc-13-fG75Ri/gcc-13-13.3.0/debian/tmp-gcn/usr --enable-offload-defaulted --without-cuda-driver --enable-checking=release --build=x86_64-linux-gnu --host=x86_64-linux-gnu --target=x86_64-linux-gnu --with-build-config=bootstrap-lto-lean --enable-link-serialization=2
Thread model: posix
Supported LTO compression algorithms: zlib zstd
gcc version 13.3.0 (Ubuntu 13.3.0-6ubuntu2~24.04) 
... rest of stderr output deleted ...
configure:4776: $? = 0
configure:4765: gcc -V >&5
gcc: error: unrecognized command-line option '-V'
gcc: fatal error: no input files
compilation terminated.
configure:4776: $? = 1
configure:4765: gcc -qversion >&5
gcc: error: unrecognized command-line option '-qversion'; did you mean '--version'?
gcc: fatal error: no input files
compilation terminated.
configure:4776: $? = 1
configure:4780: checking whether we are using the GNU C compiler
configure:4808: result: yes
configure:4817: checking whether gcc accepts -g
configure:4878: result: yes
configure:4895: checking for gcc option to accept ISO C89
configure:4971: result: none needed
configure:4996: checking whether gcc understands -c and -o together
configure:5033: result: yes
configure:5053: checking for x86_64-pc-linux-gnu-ranlib
configure:5080: result: ranlib --plugin /usr/libexec/gcc/x86_64-linux-gnu/13/liblto_plugin.so
configure:5147: checking for x86_64-pc-linux-gnu-ar
configure:5174: result: ar --plugin /usr/libexec/gcc/x86_64-linux-gnu/13/liblto_plugin.so
configure:5244: checking the archiver (ar --plugin /usr/libexec/gcc/x86_64-linux-gnu/13/liblto_plugin.so) interface
configure:5260: gcc -c -g -O2      conftest.c >&5
configure:5260: $? = 0
configure:5262: ar --plugin /usr/libexec/gcc/x86_64-linux-gnu/13/liblto_plugin.so cru libconftest.a conftest.o >&5
ar: `u' modifier ignored since `D' is the default (see `U')
configure:5265: $? = 0
configure:5293: result: ar
configure:5375: checking build system type
configure:5389: result: x86_64-pc-linux-gnu
configure:5409: checking host system type
configure:5422: result: x86_64-pc-linux-gnu
configure:5463: checking how to print strings
configure:5490: result: printf
configure:5511: checking for a sed that does not truncate output
configure:5575: result: /usr/bin/sed
configure:5593: checking for fgrep
configure:5655: result: /usr/bin/grep -F
configure:5690: checking for ld used by gcc
configure:5757: result: ld
configure:5764: checking if the linker (ld) is GNU ld
configure:5779: result: yes
configure:5791: checking for BSD- or MS-compatible name lister (nm)
configure:5847: result: /usr/bin/nm -B
configure:5977: checking the name lister (/usr/bin/nm -B) interface
configure:5984: gcc -c -g -O2      conftest.c >&5
configure:5987: /usr/bin/nm -B "conftest.o"
configure:5990: output
0000000000000000 B some_variable
configure:5997: result: BSD nm
configure:6000: checking whether ln -s works
configure:6004: result: yes
configure:6012: checking the maximum length of command line arguments
configure:6137: result: 1572864
configure:6154: checking whether the shell understands some XSI constructs
configure:6164: result: yes
configure:6168: checking whether the shell understands "+="
configure:6174: result: yes
configure:6209: checking for ld option to reload object files
configure:6216: result: -r
configure:6245: checking for x86_64-pc-linux-gnu-objdump
configure:6272: result: objdump
configure:6344: checking how to recognize dependent libraries
configure:6550: result: pass_all
configure:6583: checking for x86_64-pc-linux-gnu-ar
configure:6610: result: ar --plugin /usr/libexec/gcc/x86_64-linux-gnu/13/liblto_plugin.so
configure:6701: checking for x86_64-pc-linux-gnu-strip
configure:6731: result: no
configure:6741: checking for strip
configure:6757: found /usr/bin/strip
configure:6768: result: strip
configure:6800: checking for x86_64-pc-linux-gnu-ranlib
configure:6827: result: ranlib --plugin /usr/libexec/gcc/x86_64-linux-gnu/13/liblto_plugin.so
configure:6974: checking command to parse /usr/bin/nm -B output from gcc object
configure:7092: gcc -c -g -O2      conftest.c >&5
configure:7095: $? = 0
configure:7099: /usr/bin/nm -B conftest.o \| sed -n -e 's/^.*[ ]\([ABCDGIRSTW][ABCDGIRSTW]*\)[ ][ ]*\([_A-Za-z][_A-Za-z0-9]*\)$/\1 \2 \2/p' \> conftest.nm
configure:7102: $? = 0
configure:7156: gcc -o conftest -g -O2        conftest.c conftstm.o >&5
configure:7159: $? = 0
configure:7197: result: ok
configure:7292: gcc -c -g -O2      conftest.c >&5
configure:7295: $? = 0
configure:8047: checking for dlfcn.h
configure:8047: gcc -c -g -O2      conftest.c >&5
configure:8047: $? = 0
configure:8047: result: yes
configure:8204: checking for objdir
configure:8219: result: .libs
configure:8490: checking if gcc supports -fno-rtti -fno-exceptions
configure:8508: gcc -c -g -O2      -fno-rtti -fno-exceptions conftest.c >&5
cc1: warning: command-line option '-fno-rtti' is valid for C++/D/ObjC++ but not for C
configure:8512: $? = 0
configure:8525: result: no
configure:8545: checking for gcc option to produce PIC
configure:8831: result: -fPIC -DPIC
configure:8843: checking if gcc PIC flag -fPIC -DPIC works
configure:8861: gcc -c -g -O2      -fPIC -DPIC -DPIC conftest.c >&5
configure:8865: $? = 0
configure:8878: result: yes
configure:8902: checking if gcc static flag -static works
configure:8930: result: yes
configure:8945: checking if gcc supports -c -o file.o
configure:8966: gcc -c -g -O2      -o out/conftest2.o conftest.c >&5
configure:8970: $? = 0
configure:8992: result: yes
configure:9000: checking if gcc supports -c -o file.o
configure:9047: result: yes
configure:9080: checking whether the gcc linker (ld -m elf_x86_64) supports shared libraries
configure:10151: result: yes
configure:10396: checking dynamic linker characteristics
configure:10842: gcc -o conftest -g -O2        -Wl,-rpath -Wl,/foo conftest.c  >&5
configure:10842: $? = 0
configure:11083: result: GNU/Linux ld.so
configure:11190: checking how to hardcode library paths into programs
configure:11215: result: immediate
configure:11755: checking whether stripping libraries is possible
configure:11760: result: yes
configure:11795: checking if libtool supports shared libraries
configure:11797: result: yes
configure:11800: checking whether to build shared libraries
configure:11821: result: no
configure:11824: checking whether to build static libraries
configure:11828: result: yes
configure:11870: checking for special C compiler options needed for large files
configure:11915: result: no
configure:11921: checking for _FILE_OFFSET_BITS value needed for large files
configure:11946: gcc -c -g -O2      conftest.c >&5
configure:11946: $? = 0
configure:11978: result: no
configure:12069: checking for aclocal
configure:12096: result: ${SHELL} /home/stroxzu/binutils-2.42/missing aclocal-1.15
configure:12112: checking for autoconf
configure:12139: result: ${SHELL} /home/stroxzu/binutils-2.42/missing autoconf
configure:12155: checking for autoheader
configure:12182: result: ${SHELL} /home/stroxzu/binutils-2.42/missing autoheader
configure:12215: checking whether gcc supports -Wall
configure:12232: gcc -c -Wall  conftest.c >&5
configure:12232: $? = 0
configure:12241: result: yes
configure:12215: checking whether gcc supports -Wextra
configure:12232: gcc -c -Wextra  conftest.c >&5
configure:12232: $? = 0
configure:12241: result: yes
configure:12215: checking whether gcc supports -Wwrite-strings
configure:12232: gcc -c -Wwrite-strings  conftest.c >&5
configure:12232: $? = 0
configure:12241: result: yes
configure:12215: checking whether gcc supports -Wmissing-format-attribute
configure:12232: gcc -c -Wmissing-format-attribute  conftest.c >&5
configure:12232: $? = 0
configure:12241: result: yes
configure:12215: checking whether gcc supports -Wstrict-prototypes
configure:12232: gcc -c -Wstrict-prototypes  conftest.c >&5
conftest.c:30:1: warning: function declaration isn't a prototype [-Wstrict-prototypes]
   30 | main ()
      | ^~~~
configure:12232: $? = 0
configure:12241: result: yes
configure:12215: checking whether gcc supports -Wmissing-prototypes
configure:12232: gcc -c -Wmissing-prototypes  conftest.c >&5
configure:12232: $? = 0
configure:12241: result: yes
configure:12258: checking for incompatibility between DejaGnu and GCC
configure:12260: result: 
configure:12275: gcc -o conftest -g -O2        conftest.c  >&5
conftest.c:28:10: fatal error: dejagnu.h: No such file or directory
   28 | #include <dejagnu.h>
      |          ^~~~~~~~~~~
compilation terminated.
configure:12275: $? = 1
configure: failed program was:
| /* confdefs.h */
| #define PACKAGE_NAME "libsframe"
| #define PACKAGE_TARNAME "libsframe"
| #define PACKAGE_VERSION "BFD_VERSION"
| #define PACKAGE_STRING "libsframe BFD_VERSION"
| #define PACKAGE_BUGREPORT ""
| #define PACKAGE_URL ""
| #define STDC_HEADERS 1
| #define HAVE_SYS_TYPES_H 1
| #define HAVE_SYS_STAT_H 1
| #define HAVE_STDLIB_H 1
| #define HAVE_STRING_H 1
| #define HAVE_MEMORY_H 1
| #define HAVE_STRINGS_H 1
| #define HAVE_INTTYPES_H 1
| #define HAVE_STDINT_H 1
| #define HAVE_UNISTD_H 1
| #define __EXTENSIONS__ 1
| #define _ALL_SOURCE 1
| #define _GNU_SOURCE 1
| #define _POSIX_PTHREAD_SEMANTICS 1
| #define _TANDEM_SOURCE 1
| #define PACKAGE "libsframe"
| #define VERSION "BFD_VERSION"
| #define HAVE_DLFCN_H 1
| #define LT_OBJDIR ".libs/"
| /* end confdefs.h.  */
| #include <dejagnu.h>
| int
| main ()
| {
| pass ("test foo");
| 	       return 0;
|   ;
|   return 0;
| }
configure:12282: result: no
configure:12307: checking for makeinfo
configure:12334: result: makeinfo --split-size=5000000
configure:12373: checking if using Solaris linker
configure:12382: result: no
configure:12402: result: yes
configure:12421: checking whether to enable maintainer-specific portions of Makefiles
configure:12430: result: no
configure:12458: checking whether to install libbfd
configure:12471: result: no
configure:12506: checking for stdlib.h
configure:12506: result: yes
configure:12506: checking for unistd.h
configure:12506: result: yes
configure:12506: checking for sys/param.h
configure:12506: gcc -c -g -O2      conftest.c >&5
configure:12506: $? = 0
configure:12506: result: yes
configure:12526: checking for getpagesize
configure:12526: gcc -o conftest -g -O2        conftest.c  >&5
configure:12526: $? = 0
configure:12526: result: yes
configure:12535: checking for working mmap
configure:12682: gcc -o conftest -g -O2        conftest.c  >&5
configure:12682: $? = 0
configure:12682: ./conftest
configure:12682: $? = 0
configure:12692: result: yes
configure:12704: checking byteswap.h usability
configure:12704: gcc -c -g -O2      conftest.c >&5
configure:12704: $? = 0
configure:12704: result: yes
configure:12704: checking byteswap.h presence
configure:12704: gcc -E  conftest.c
configure:12704: $? = 0
configure:12704: result: yes
configure:12704: checking for byteswap.h
configure:12704: result: yes
configure:12704: checking endian.h usability
configure:12704: gcc -c -g -O2      conftest.c >&5
configure:12704: $? = 0
configure:12704: result: yes
configure:12704: checking endian.h presence
configure:12704: gcc -E  conftest.c
configure:12704: $? = 0
configure:12704: result: yes
configure:12704: checking for endian.h
configure:12704: result: yes
configure:12715: checking whether bswap_16 is declared
configure:12715: gcc -c -g -O2      conftest.c >&5
configure:12715: $? = 0
configure:12715: result: yes
configure:12726: checking whether bswap_32 is declared
configure:12726: gcc -c -g -O2      conftest.c >&5
configure:12726: $? = 0
configure:12726: result: yes
configure:12737: checking whether bswap_64 is declared
configure:12737: gcc -c -g -O2      conftest.c >&5
configure:12737: $? = 0
configure:12737: result: yes
configure:12811: updating cache ./config.cache
configure:12855: checking that generated files are newer than configure
configure:12861: result: done
configure:12908: creating ./config.status

## ---------------------- ##
## Running config.status. ##
## ---------------------- ##

This file was extended by libsframe config.status BFD_VERSION, which was
generated by GNU Autoconf 2.69.  Invocation command line was

  CONFIG_FILES    = 
  CONFIG_HEADERS  = 
  CONFIG_LINKS    = 
  CONFIG_COMMANDS = 
  $ ./config.status 

on LAPTOP-1OUKE04M

config.status:1102: creating Makefile
config.status:1102: creating config.h
config.status:1316: executing depfiles commands
config.status:1316: executing libtool commands

## ---------------- ##
## Cache variables. ##
## ---------------- ##

ac_cv_build=x86_64-pc-linux-gnu
ac_cv_c_compiler_gnu=yes
ac_cv_dejagnu_compat=no
ac_cv_env_CC_set=set
ac_cv_env_CC_value=gcc
ac_cv_env_CFLAGS_set=set
ac_cv_env_CFLAGS_value='-g -O2    '
ac_cv_env_CPPFLAGS_set=
ac_cv_env_CPPFLAGS_value=
ac_cv_env_CPP_set=
ac_cv_env_CPP_value=
ac_cv_env_LDFLAGS_set=set
ac_cv_env_LDFLAGS_value=' '
ac_cv_env_LIBS_set=
ac_cv_env_LIBS_value=
ac_cv_env_build_alias_set=set
ac_cv_env_build_alias_value=x86_64-pc-linux-gnu
ac_cv_env_host_alias_set=set
ac_cv_env_host_alias_value=x86_64-pc-linux-gnu
ac_cv_env_target_alias_set=set
ac_cv_env_target_alias_value=i686-elf
ac_cv_func_getpagesize=yes
ac_cv_func_mmap_fixed_mapped=yes
ac_cv_have_decl_bswap_16=yes
ac_cv_have_decl_bswap_32=yes
ac_cv_have_decl_bswap_64=yes
ac_cv_header_byteswap_h=yes
ac_cv_header_dlfcn_h=yes
ac_cv_header_endian_h=yes
ac_cv_header_inttypes_h=yes
ac_cv_header_memory_h=yes
ac_cv_header_minix_config_h=no
ac_cv_header_stdc=yes
ac_cv_header_stdint_h=yes
ac_cv_header_stdlib_h=yes
ac_cv_header_string_h=yes
ac_cv_header_strings_h=yes
ac_cv_header_sys_param_h=yes
ac_cv_header_sys_stat_h=yes
ac_cv_header_sys_types_h=yes
ac_cv_header_unistd_h=yes
ac_cv_host=x86_64-pc-linux-gnu
ac_cv_objext=o
ac_cv_path_EGREP='/usr/bin/grep -E'
ac_cv_path_FGREP='/usr/bin/grep -F'
ac_cv_path_GREP=/usr/bin/grep
ac_cv_path_SED=/usr/bin/sed
ac_cv_path_mkdir=/usr/bin/mkdir
ac_cv_prog_ACLOCAL='${SHELL} /home/stroxzu/binutils-2.42/missing aclocal-1.15'
ac_cv_prog_AR='ar --plugin /usr/libexec/gcc/x86_64-linux-gnu/13/liblto_plugin.so'
ac_cv_prog_AUTOCONF='${SHELL} /home/stroxzu/binutils-2.42/missing autoconf'
ac_cv_prog_AUTOHEADER='${SHELL} /home/stroxzu/binutils-2.42/missing autoheader'
ac_cv_prog_AWK=gawk
ac_cv_prog_CC=gcc
ac_cv_prog_CPP='gcc -E'
ac_cv_prog_MAKEINFO='makeinfo --split-size=5000000'
ac_cv_prog_OBJDUMP=objdump
ac_cv_prog_RANLIB='ranlib --plugin /usr/libexec/gcc/x86_64-linux-gnu/13/liblto_plugin.so'
ac_cv_prog_ac_ct_STRIP=strip
ac_cv_prog_cc_c89=
ac_cv_prog_cc_g=yes
ac_cv_prog_make_make_set=yes
ac_cv_safe_to_define___extensions__=yes
ac_cv_sys_file_offset_bits=no
ac_cv_sys_largefile_CC=no
acx_cv_prog_cc_warning__Wall=yes
acx_cv_prog_cc_warning__Wextra=yes
acx_cv_prog_cc_warning__Wmissing_format_attribute=yes
acx_cv_prog_cc_warning__Wmissing_prototypes=yes
acx_cv_prog_cc_warning__Wstrict_prototypes=yes
acx_cv_prog_cc_warning__Wwrite_strings=yes
am_cv_CC_dependencies_compiler_type=gcc3
am_cv_ar_interface=ar
am_cv_make_support_nested_variables=yes
am_cv_prog_cc_c_o=yes
lt_cv_deplibs_check_method=pass_all
lt_cv_file_magic_cmd='$MAGIC_CMD'
lt_cv_file_magic_test_file=
lt_cv_ld_reload_flag=-r
lt_cv_nm_interface='BSD nm'
lt_cv_objdir=.libs
lt_cv_path_LD=ld
lt_cv_path_NM='/usr/bin/nm -B'
lt_cv_prog_compiler_c_o=yes
lt_cv_prog_compiler_pic_works=yes
lt_cv_prog_compiler_rtti_exceptions=no
lt_cv_prog_compiler_static_works=yes
lt_cv_prog_gnu_ld=yes
lt_cv_shlibpath_overrides_runpath=yes
lt_cv_sys_global_symbol_pipe='sed -n -e '\''s/^.*[	 ]\([ABCDGIRSTW][ABCDGIRSTW]*\)[	 ][	 ]*\([_A-Za-z][_A-Za-z0-9]*\)$/\1 \2 \2/p'\'''
lt_cv_sys_global_symbol_to_c_name_address='sed -n -e '\''s/^: \([^ ]*\) $/  {\"\1\", (void *) 0},/p'\'' -e '\''s/^[ABCDGIRSTW]* \([^ ]*\) \([^ ]*\)$/  {"\2", (void *) \&\2},/p'\'''
lt_cv_sys_global_symbol_to_c_name_address_lib_prefix='sed -n -e '\''s/^: \([^ ]*\) $/  {\"\1\", (void *) 0},/p'\'' -e '\''s/^[ABCDGIRSTW]* \([^ ]*\) \(lib[^ ]*\)$/  {"\2", (void *) \&\2},/p'\'' -e '\''s/^[ABCDGIRSTW]* \([^ ]*\) \([^ ]*\)$/  {"lib\2", (void *) \&\2},/p'\'''
lt_cv_sys_global_symbol_to_cdecl='sed -n -e '\''s/^T .* \(.*\)$/extern int \1();/p'\'' -e '\''s/^[ABCDGIRSTW]* .* \(.*\)$/extern char \1;/p'\'''
lt_cv_sys_max_cmd_len=1572864

## ----------------- ##
## Output variables. ##
## ----------------- ##

ACLOCAL='${SHELL} /home/stroxzu/binutils-2.42/missing aclocal-1.15'
AMDEPBACKSLASH='\'
AMDEP_FALSE='#'
AMDEP_TRUE=''
AMTAR='$${TAR-tar}'
AM_BACKSLASH='\'
AM_DEFAULT_V='$(AM_DEFAULT_VERBOSITY)'
AM_DEFAULT_VERBOSITY='0'
AM_V='$(V)'
AR='ar --plugin /usr/libexec/gcc/x86_64-linux-gnu/13/liblto_plugin.so --plugin /usr/libexec/gcc/x86_64-linux-gnu/13/liblto_plugin.so'
AUTOCONF='${SHELL} /home/stroxzu/binutils-2.42/missing autoconf'
AUTOHEADER='${SHELL} /home/stroxzu/binutils-2.42/missing autoheader'
AUTOMAKE='${SHELL} /home/stroxzu/binutils-2.42/missing automake-1.15'
AWK='gawk'
BUILD_INFO_FALSE='#'
BUILD_INFO_TRUE=''
CC='gcc'
CCDEPMODE='depmode=gcc3'
CFLAGS='-g -O2    '
COMPAT_DEJAGNU='no'
CPP='gcc -E'
CPPFLAGS=''
CYGPATH_W='echo'
DEFS='-DHAVE_CONFIG_H'
DEPDIR='.deps'
DSYMUTIL='dsymutil'
DUMPBIN=''
ECHO_C=''
ECHO_N='-n'
ECHO_T=''
EGREP='/usr/bin/grep -E'
EXEEXT=''
FGREP='/usr/bin/grep -F'
GREP='/usr/bin/grep'
HAVE_COMPAT_DEJAGNU_FALSE=''
HAVE_COMPAT_DEJAGNU_TRUE='#'
HAVE_LD_VERSION_SCRIPT_FALSE='#'
HAVE_LD_VERSION_SCRIPT_TRUE=''
HAVE_SOLARIS_LD_FALSE=''
HAVE_SOLARIS_LD_TRUE='#'
INSTALL_DATA='/usr/bin/install -c -m 644'
INSTALL_LIBBFD_FALSE=''
INSTALL_LIBBFD_TRUE='#'
INSTALL_PROGRAM='/usr/bin/install -c'
INSTALL_SCRIPT='/usr/bin/install -c'
INSTALL_STRIP_PROGRAM='$(install_sh) -c -s'
LD='ld -m elf_x86_64'
LDFLAGS=' '
LIBOBJS=''
LIBS=''
LIBTOOL='$(SHELL) $(top_builddir)/libtool'
LIPO=''
LN_S='ln -s'
LTLIBOBJS=''
MAINT='#'
MAINTAINER_MODE_FALSE=''
MAINTAINER_MODE_TRUE='#'
MAKEINFO='makeinfo --split-size=5000000'
MKDIR_P='/usr/bin/mkdir -p'
NM='/usr/bin/nm -B'
NMEDIT=''
OBJDUMP='objdump'
OBJEXT='o'
OTOOL64=''
OTOOL='otool'
PACKAGE='libsframe'
PACKAGE_BUGREPORT=''
PACKAGE_NAME='libsframe'
PACKAGE_STRING='libsframe BFD_VERSION'
PACKAGE_TARNAME='libsframe'
PACKAGE_URL=''
PACKAGE_VERSION='BFD_VERSION'
PATH_SEPARATOR=':'
RANLIB='ranlib --plugin /usr/libexec/gcc/x86_64-linux-gnu/13/liblto_plugin.so --plugin /usr/libexec/gcc/x86_64-linux-gnu/13/liblto_plugin.so'
SED='/usr/bin/sed'
SET_MAKE=''
SHELL='/bin/bash'
STRIP='strip'
VERSION='BFD_VERSION'
ac_ct_AR=''
ac_ct_CC=''
ac_ct_DUMPBIN=''
ac_libsframe_warn_cflags='-Wall -Wextra -Wwrite-strings -Wmissing-format-attribute -Wstrict-prototypes -Wmissing-prototypes'
am__EXEEXT_FALSE=''
am__EXEEXT_TRUE='#'
am__fastdepCC_FALSE='#'
am__fastdepCC_TRUE=''
am__include='include'
am__isrc=' -I$(srcdir)'
am__leading_dot='.'
am__nodep='_no'
am__quote=''
am__tar='$${TAR-tar} chof - "$$tardir"'
am__untar='$${TAR-tar} xf -'
bfdincludedir='$(exec_prefix)/$(host_noncanonical)/$(target_noncanonical)/include'
bfdlibdir='$(exec_prefix)/$(host_noncanonical)/$(target_noncanonical)/lib'
bindir='${exec_prefix}/bin'
build='x86_64-pc-linux-gnu'
build_alias='x86_64-pc-linux-gnu'
build_cpu='x86_64'
build_os='linux-gnu'
build_vendor='pc'
datadir='${datarootdir}'
datarootdir='${prefix}/share'
docdir='${datarootdir}/doc/${PACKAGE_TARNAME}'
dvidir='${docdir}'
exec_prefix='${prefix}'
host='x86_64-pc-linux-gnu'
host_alias='x86_64-pc-linux-gnu'
host_cpu='x86_64'
host_noncanonical='x86_64-pc-linux-gnu'
host_os='linux-gnu'
host_vendor='pc'
htmldir='${docdir}'
includedir='${prefix}/include'
infodir='${datarootdir}/info'
install_sh='${SHELL} /home/stroxzu/binutils-2.42/install-sh'
libdir='${exec_prefix}/lib'
libexecdir='${exec_prefix}/libexec'
localedir='${datarootdir}/locale'
localstatedir='${prefix}/var'
mandir='${datarootdir}/man'
mkdir_p='$(MKDIR_P)'
oldincludedir='/usr/include'
pdfdir='${docdir}'
prefix='/home/stroxzu/opt/cross'
program_transform_name='s&^&i686-elf-&'
psdir='${docdir}'
sbindir='${exec_prefix}/sbin'
sharedstatedir='${prefix}/com'
sysconfdir='${prefix}/etc'
target_alias='i686-elf'
target_noncanonical='i686-elf'

## ----------- ##
## confdefs.h. ##
## ----------- ##

/* confdefs.h */
#define PACKAGE_NAME "libsframe"
#define PACKAGE_TARNAME "libsframe"
#define PACKAGE_VERSION "BFD_VERSION"
#define PACKAGE_STRING "libsframe BFD_VERSION"
#define PACKAGE_BUGREPORT ""
#define PACKAGE_URL ""
#define STDC_HEADERS 1
#define HAVE_SYS_TYPES_H 1
#define HAVE_SYS_STAT_H 1
#define HAVE_STDLIB_H 1
#define HAVE_STRING_H 1
#define HAVE_MEMORY_H 1
#define HAVE_STRINGS_H 1
#define HAVE_INTTYPES_H 1
#define HAVE_STDINT_H 1
#define HAVE_UNISTD_H 1
#define __EXTENSIONS__ 1
#define _ALL_SOURCE 1
#define _GNU_SOURCE 1
#define _POSIX_PTHREAD_SEMANTICS 1
#define _TANDEM_SOURCE 1
#define PACKAGE "libsframe"
#define VERSION "BFD_VERSION"
#define HAVE_DLFCN_H 1
#define LT_OBJDIR ".libs/"
#define HAVE_STDLIB_H 1
#define HAVE_UNISTD_H 1
#define HAVE_SYS_PARAM_H 1
#define HAVE_GETPAGESIZE 1
#define HAVE_MMAP 1
#define HAVE_BYTESWAP_H 1
#define HAVE_ENDIAN_H 1
#define HAVE_DECL_BSWAP_16 1
#define HAVE_DECL_BSWAP_32 1
#define HAVE_DECL_BSWAP_64 1

configure: exit 0
