This file contains any messages produced by compilers while
running configure, to aid debugging if configure makes a mistake.

It was created by libctf configure 1.2.0, which was
generated by GNU Autoconf 2.69.  Invocation command line was

  $ /home/stroxzu/binutils-2.42/libctf/configure --srcdir=../../../binutils-2.42/libctf --cache-file=./config.cache --with-gnu-as --with-gnu-ld --prefix=/home/stroxzu/opt/cross --with-sysroot --disable-nls --disable-werror --program-transform-name=s&^&i686-elf-& --disable-option-checking --build=x86_64-pc-linux-gnu --host=x86_64-pc-linux-gnu --target=i686-elf

## --------- ##
## Platform. ##
## --------- ##

hostname = LAPTOP-1OUKE04M
uname -m = x86_64
uname -r = 6.6.87.2-microsoft-standard-WSL2
uname -s = Linux
uname -v = #1 SMP PREEMPT_DYNAMIC Thu Jun  5 18:30:46 UTC 2025

/usr/bin/uname -p = x86_64
/bin/uname -X     = unknown

/bin/arch              = x86_64
/usr/bin/arch -k       = unknown
/usr/convex/getsysinfo = unknown
/usr/bin/hostinfo      = unknown
/bin/machine           = unknown
/usr/bin/oslevel       = unknown
/bin/universe          = unknown

PATH: /usr/local/sbin
PATH: /usr/local/bin
PATH: /usr/sbin
PATH: /usr/bin
PATH: /sbin
PATH: /bin
PATH: /usr/games
PATH: /usr/local/games
PATH: /usr/lib/wsl/lib
PATH: /mnt/c/Program Files/Common Files/Oracle/Java/javapath
PATH: /mnt/c/MinGW/bin
PATH: /mnt/c/windows/system32
PATH: /mnt/c/windows
PATH: /mnt/c/windows/System32/Wbem
PATH: /mnt/c/windows/System32/WindowsPowerShell/v1.0/
PATH: /mnt/c/windows/System32/OpenSSH/
PATH: /mnt/c/Program Files/dotnet/
PATH: /mnt/c/Program Files/HP/HP One Agent
PATH: /mnt/c/ProgramData/chocolatey/bin
PATH: /mnt/c/Program Files/Git/cmd
PATH: /mnt/t/
PATH: /mnt/c/WINDOWS/system32
PATH: /mnt/c/WINDOWS
PATH: /mnt/c/WINDOWS/System32/Wbem
PATH: /mnt/c/WINDOWS/System32/WindowsPowerShell/v1.0/
PATH: /mnt/c/WINDOWS/System32/OpenSSH/
PATH: /mnt/c/Program Files (x86)/Windows Kits/10/Windows Performance Toolkit/
PATH: /mnt/c/Users/Tarun kumar/.cargo/bin
PATH: /mnt/t/bin/
PATH: /mnt/c/Users/Tarun kumar/AppData/Local/Programs/Python/Python312/Scripts/
PATH: /mnt/c/Users/Tarun kumar/AppData/Local/Programs/Python/Python312/
PATH: /mnt/c/Users/Tarun kumar/AppData/Local/Microsoft/WindowsApps
PATH: /mnt/t/Microsoft VS Code/bin
PATH: /mnt/c/Users/Tarun kumar/AppData/Local/Programs/Microsoft VS Code/bin
PATH: /mnt/c/Users/Tarun kumar/AppData/Local/Muse Hub/lib
PATH: /mnt/c/Users/Tarun kumar/AppData/Roaming/npm
PATH: /mnt/c/Users/Tarun kumar/.dotnet/tools
PATH: /snap/bin


## ----------- ##
## Core tests. ##
## ----------- ##

configure:2253: creating cache ./config.cache
configure:2368: checking build system type
configure:2382: result: x86_64-pc-linux-gnu
configure:2402: checking host system type
configure:2415: result: x86_64-pc-linux-gnu
configure:2435: checking target system type
configure:2448: result: i686-pc-elf
configure:2485: checking for x86_64-pc-linux-gnu-gcc
configure:2512: result: gcc
configure:2781: checking for C compiler version
configure:2790: gcc --version >&5
gcc (Ubuntu 13.3.0-6ubuntu2~24.04) 13.3.0
Copyright (C) 2023 Free Software Foundation, Inc.
This is free software; see the source for copying conditions.  There is NO
warranty; not even for MERCHANTABILITY or FITNESS FOR A PARTICULAR PURPOSE.

configure:2801: $? = 0
configure:2790: gcc -v >&5
Using built-in specs.
COLLECT_GCC=gcc
COLLECT_LTO_WRAPPER=/usr/libexec/gcc/x86_64-linux-gnu/13/lto-wrapper
OFFLOAD_TARGET_NAMES=nvptx-none:amdgcn-amdhsa
OFFLOAD_TARGET_DEFAULT=1
Target: x86_64-linux-gnu
Configured with: ../src/configure -v --with-pkgversion='Ubuntu 13.3.0-6ubuntu2~24.04' --with-bugurl=file:///usr/share/doc/gcc-13/README.Bugs --enable-languages=c,ada,c++,go,d,fortran,objc,obj-c++,m2 --prefix=/usr --with-gcc-major-version-only --program-suffix=-13 --program-prefix=x86_64-linux-gnu- --enable-shared --enable-linker-build-id --libexecdir=/usr/libexec --without-included-gettext --enable-threads=posix --libdir=/usr/lib --enable-nls --enable-bootstrap --enable-clocale=gnu --enable-libstdcxx-debug --enable-libstdcxx-time=yes --with-default-libstdcxx-abi=new --enable-libstdcxx-backtrace --enable-gnu-unique-object --disable-vtable-verify --enable-plugin --enable-default-pie --with-system-zlib --enable-libphobos-checking=release --with-target-system-zlib=auto --enable-objc-gc=auto --enable-multiarch --disable-werror --enable-cet --with-arch-32=i686 --with-abi=m64 --with-multilib-list=m32,m64,mx32 --enable-multilib --with-tune=generic --enable-offload-targets=nvptx-none=/build/gcc-13-fG75Ri/gcc-13-13.3.0/debian/tmp-nvptx/usr,amdgcn-amdhsa=/build/gcc-13-fG75Ri/gcc-13-13.3.0/debian/tmp-gcn/usr --enable-offload-defaulted --without-cuda-driver --enable-checking=release --build=x86_64-linux-gnu --host=x86_64-linux-gnu --target=x86_64-linux-gnu --with-build-config=bootstrap-lto-lean --enable-link-serialization=2
Thread model: posix
Supported LTO compression algorithms: zlib zstd
gcc version 13.3.0 (Ubuntu 13.3.0-6ubuntu2~24.04) 
... rest of stderr output deleted ...
configure:2801: $? = 0
configure:2790: gcc -V >&5
gcc: error: unrecognized command-line option '-V'
gcc: fatal error: no input files
compilation terminated.
configure:2801: $? = 1
configure:2790: gcc -qversion >&5
gcc: error: unrecognized command-line option '-qversion'; did you mean '--version'?
gcc: fatal error: no input files
compilation terminated.
configure:2801: $? = 1
configure:2821: checking whether the C compiler works
configure:2843: gcc -g -O2        conftest.c  >&5
configure:2847: $? = 0
configure:2895: result: yes
configure:2898: checking for C compiler default output file name
configure:2900: result: a.out
configure:2906: checking for suffix of executables
configure:2913: gcc -o conftest -g -O2        conftest.c  >&5
configure:2917: $? = 0
configure:2939: result: 
configure:2961: checking whether we are cross compiling
configure:2969: gcc -o conftest -g -O2        conftest.c  >&5
configure:2973: $? = 0
configure:2980: ./conftest
configure:2984: $? = 0
configure:2999: result: no
configure:3004: checking for suffix of object files
configure:3026: gcc -c -g -O2      conftest.c >&5
configure:3030: $? = 0
configure:3051: result: o
configure:3055: checking whether we are using the GNU C compiler
configure:3074: gcc -c -g -O2      conftest.c >&5
configure:3074: $? = 0
configure:3083: result: yes
configure:3092: checking whether gcc accepts -g
configure:3112: gcc -c -g  conftest.c >&5
configure:3112: $? = 0
configure:3153: result: yes
configure:3170: checking for gcc option to accept ISO C89
configure:3233: gcc  -c -g -O2      conftest.c >&5
configure:3233: $? = 0
configure:3246: result: none needed
configure:3271: checking whether gcc understands -c and -o together
configure:3293: gcc -c conftest.c -o conftest2.o
configure:3296: $? = 0
configure:3293: gcc -c conftest.c -o conftest2.o
configure:3296: $? = 0
configure:3308: result: yes
configure:3331: checking how to run the C preprocessor
configure:3362: gcc -E  conftest.c
configure:3362: $? = 0
configure:3376: gcc -E  conftest.c
conftest.c:9:10: fatal error: ac_nonexistent.h: No such file or directory
    9 | #include <ac_nonexistent.h>
      |          ^~~~~~~~~~~~~~~~~~
compilation terminated.
configure:3376: $? = 1
configure: failed program was:
| /* confdefs.h */
| #define PACKAGE_NAME "libctf"
| #define PACKAGE_TARNAME "libctf"
| #define PACKAGE_VERSION "1.2.0"
| #define PACKAGE_STRING "libctf 1.2.0"
| #define PACKAGE_BUGREPORT ""
| #define PACKAGE_URL ""
| /* end confdefs.h.  */
| #include <ac_nonexistent.h>
configure:3401: result: gcc -E
configure:3421: gcc -E  conftest.c
configure:3421: $? = 0
configure:3435: gcc -E  conftest.c
conftest.c:9:10: fatal error: ac_nonexistent.h: No such file or directory
    9 | #include <ac_nonexistent.h>
      |          ^~~~~~~~~~~~~~~~~~
compilation terminated.
configure:3435: $? = 1
configure: failed program was:
| /* confdefs.h */
| #define PACKAGE_NAME "libctf"
| #define PACKAGE_TARNAME "libctf"
| #define PACKAGE_VERSION "1.2.0"
| #define PACKAGE_STRING "libctf 1.2.0"
| #define PACKAGE_BUGREPORT ""
| #define PACKAGE_URL ""
| /* end confdefs.h.  */
| #include <ac_nonexistent.h>
configure:3464: checking for grep that handles long lines and -e
configure:3522: result: /usr/bin/grep
configure:3527: checking for egrep
configure:3589: result: /usr/bin/grep -E
configure:3594: checking for ANSI C header files
configure:3614: gcc -c -g -O2      conftest.c >&5
configure:3614: $? = 0
configure:3687: gcc -o conftest -g -O2        conftest.c  >&5
configure:3687: $? = 0
configure:3687: ./conftest
configure:3687: $? = 0
configure:3698: result: yes
configure:3711: checking for sys/types.h
configure:3711: gcc -c -g -O2      conftest.c >&5
configure:3711: $? = 0
configure:3711: result: yes
configure:3711: checking for sys/stat.h
configure:3711: gcc -c -g -O2      conftest.c >&5
configure:3711: $? = 0
configure:3711: result: yes
configure:3711: checking for stdlib.h
configure:3711: gcc -c -g -O2      conftest.c >&5
configure:3711: $? = 0
configure:3711: result: yes
configure:3711: checking for string.h
configure:3711: gcc -c -g -O2      conftest.c >&5
configure:3711: $? = 0
configure:3711: result: yes
configure:3711: checking for memory.h
configure:3711: gcc -c -g -O2      conftest.c >&5
configure:3711: $? = 0
configure:3711: result: yes
configure:3711: checking for strings.h
configure:3711: gcc -c -g -O2      conftest.c >&5
configure:3711: $? = 0
configure:3711: result: yes
configure:3711: checking for inttypes.h
configure:3711: gcc -c -g -O2      conftest.c >&5
configure:3711: $? = 0
configure:3711: result: yes
configure:3711: checking for stdint.h
configure:3711: gcc -c -g -O2      conftest.c >&5
configure:3711: $? = 0
configure:3711: result: yes
configure:3711: checking for unistd.h
configure:3711: gcc -c -g -O2      conftest.c >&5
configure:3711: $? = 0
configure:3711: result: yes
configure:3724: checking minix/config.h usability
configure:3724: gcc -c -g -O2      conftest.c >&5
conftest.c:52:10: fatal error: minix/config.h: No such file or directory
   52 | #include <minix/config.h>
      |          ^~~~~~~~~~~~~~~~
compilation terminated.
configure:3724: $? = 1
configure: failed program was:
| /* confdefs.h */
| #define PACKAGE_NAME "libctf"
| #define PACKAGE_TARNAME "libctf"
| #define PACKAGE_VERSION "1.2.0"
| #define PACKAGE_STRING "libctf 1.2.0"
| #define PACKAGE_BUGREPORT ""
| #define PACKAGE_URL ""
| #define STDC_HEADERS 1
| #define HAVE_SYS_TYPES_H 1
| #define HAVE_SYS_STAT_H 1
| #define HAVE_STDLIB_H 1
| #define HAVE_STRING_H 1
| #define HAVE_MEMORY_H 1
| #define HAVE_STRINGS_H 1
| #define HAVE_INTTYPES_H 1
| #define HAVE_STDINT_H 1
| #define HAVE_UNISTD_H 1
| /* end confdefs.h.  */
| #include <stdio.h>
| #ifdef HAVE_SYS_TYPES_H
| # include <sys/types.h>
| #endif
| #ifdef HAVE_SYS_STAT_H
| # include <sys/stat.h>
| #endif
| #ifdef STDC_HEADERS
| # include <stdlib.h>
| # include <stddef.h>
| #else
| # ifdef HAVE_STDLIB_H
| #  include <stdlib.h>
| # endif
| #endif
| #ifdef HAVE_STRING_H
| # if !defined STDC_HEADERS && defined HAVE_MEMORY_H
| #  include <memory.h>
| # endif
| # include <string.h>
| #endif
| #ifdef HAVE_STRINGS_H
| # include <strings.h>
| #endif
| #ifdef HAVE_INTTYPES_H
| # include <inttypes.h>
| #endif
| #ifdef HAVE_STDINT_H
| # include <stdint.h>
| #endif
| #ifdef HAVE_UNISTD_H
| # include <unistd.h>
| #endif
| #include <minix/config.h>
configure:3724: result: no
configure:3724: checking minix/config.h presence
configure:3724: gcc -E  conftest.c
conftest.c:19:10: fatal error: minix/config.h: No such file or directory
   19 | #include <minix/config.h>
      |          ^~~~~~~~~~~~~~~~
compilation terminated.
configure:3724: $? = 1
configure: failed program was:
| /* confdefs.h */
| #define PACKAGE_NAME "libctf"
| #define PACKAGE_TARNAME "libctf"
| #define PACKAGE_VERSION "1.2.0"
| #define PACKAGE_STRING "libctf 1.2.0"
| #define PACKAGE_BUGREPORT ""
| #define PACKAGE_URL ""
| #define STDC_HEADERS 1
| #define HAVE_SYS_TYPES_H 1
| #define HAVE_SYS_STAT_H 1
| #define HAVE_STDLIB_H 1
| #define HAVE_STRING_H 1
| #define HAVE_MEMORY_H 1
| #define HAVE_STRINGS_H 1
| #define HAVE_INTTYPES_H 1
| #define HAVE_STDINT_H 1
| #define HAVE_UNISTD_H 1
| /* end confdefs.h.  */
| #include <minix/config.h>
configure:3724: result: no
configure:3724: checking for minix/config.h
configure:3724: result: no
configure:3745: checking whether it is safe to define __EXTENSIONS__
configure:3763: gcc -c -g -O2      conftest.c >&5
configure:3763: $? = 0
configure:3770: result: yes
configure:3800: checking for a BSD-compatible install
configure:3868: result: /usr/bin/install -c
configure:3879: checking whether build environment is sane
configure:3934: result: yes
configure:4082: checking for a thread-safe mkdir -p
configure:4121: result: /usr/bin/mkdir -p
configure:4128: checking for gawk
configure:4155: result: gawk
configure:4166: checking whether make sets $(MAKE)
configure:4188: result: yes
configure:4218: checking for style of include used by make
configure:4246: result: GNU
configure:4280: checking whether make supports nested variables
configure:4297: result: yes
configure:4382: checking dependency style of gcc
configure:4493: result: gcc3
configure:4562: checking whether make supports nested variables
configure:4579: result: yes
configure:4592: checking whether make sets $(MAKE)
configure:4614: result: yes
configure:4631: checking for x86_64-pc-linux-gnu-gcc
configure:4658: result: gcc
configure:4927: checking for C compiler version
configure:4936: gcc --version >&5
gcc (Ubuntu 13.3.0-6ubuntu2~24.04) 13.3.0
Copyright (C) 2023 Free Software Foundation, Inc.
This is free software; see the source for copying conditions.  There is NO
warranty; not even for MERCHANTABILITY or FITNESS FOR A PARTICULAR PURPOSE.

configure:4947: $? = 0
configure:4936: gcc -v >&5
Using built-in specs.
COLLECT_GCC=gcc
COLLECT_LTO_WRAPPER=/usr/libexec/gcc/x86_64-linux-gnu/13/lto-wrapper
OFFLOAD_TARGET_NAMES=nvptx-none:amdgcn-amdhsa
OFFLOAD_TARGET_DEFAULT=1
Target: x86_64-linux-gnu
Configured with: ../src/configure -v --with-pkgversion='Ubuntu 13.3.0-6ubuntu2~24.04' --with-bugurl=file:///usr/share/doc/gcc-13/README.Bugs --enable-languages=c,ada,c++,go,d,fortran,objc,obj-c++,m2 --prefix=/usr --with-gcc-major-version-only --program-suffix=-13 --program-prefix=x86_64-linux-gnu- --enable-shared --enable-linker-build-id --libexecdir=/usr/libexec --without-included-gettext --enable-threads=posix --libdir=/usr/lib --enable-nls --enable-bootstrap --enable-clocale=gnu --enable-libstdcxx-debug --enable-libstdcxx-time=yes --with-default-libstdcxx-abi=new --enable-libstdcxx-backtrace --enable-gnu-unique-object --disable-vtable-verify --enable-plugin --enable-default-pie --with-system-zlib --enable-libphobos-checking=release --with-target-system-zlib=auto --enable-objc-gc=auto --enable-multiarch --disable-werror --enable-cet --with-arch-32=i686 --with-abi=m64 --with-multilib-list=m32,m64,mx32 --enable-multilib --with-tune=generic --enable-offload-targets=nvptx-none=/build/gcc-13-fG75Ri/gcc-13-13.3.0/debian/tmp-nvptx/usr,amdgcn-amdhsa=/build/gcc-13-fG75Ri/gcc-13-13.3.0/debian/tmp-gcn/usr --enable-offload-defaulted --without-cuda-driver --enable-checking=release --build=x86_64-linux-gnu --host=x86_64-linux-gnu --target=x86_64-linux-gnu --with-build-config=bootstrap-lto-lean --enable-link-serialization=2
Thread model: posix
Supported LTO compression algorithms: zlib zstd
gcc version 13.3.0 (Ubuntu 13.3.0-6ubuntu2~24.04) 
... rest of stderr output deleted ...
configure:4947: $? = 0
configure:4936: gcc -V >&5
gcc: error: unrecognized command-line option '-V'
gcc: fatal error: no input files
compilation terminated.
configure:4947: $? = 1
configure:4936: gcc -qversion >&5
gcc: error: unrecognized command-line option '-qversion'; did you mean '--version'?
gcc: fatal error: no input files
compilation terminated.
configure:4947: $? = 1
configure:4951: checking whether we are using the GNU C compiler
configure:4979: result: yes
configure:4988: checking whether gcc accepts -g
configure:5049: result: yes
configure:5066: checking for gcc option to accept ISO C89
configure:5142: result: none needed
configure:5167: checking whether gcc understands -c and -o together
configure:5204: result: yes
configure:5224: checking for x86_64-pc-linux-gnu-ranlib
configure:5251: result: ranlib --plugin /usr/libexec/gcc/x86_64-linux-gnu/13/liblto_plugin.so
configure:5318: checking for x86_64-pc-linux-gnu-ar
configure:5345: result: ar --plugin /usr/libexec/gcc/x86_64-linux-gnu/13/liblto_plugin.so
configure:5415: checking the archiver (ar --plugin /usr/libexec/gcc/x86_64-linux-gnu/13/liblto_plugin.so) interface
configure:5431: gcc -c -g -O2      conftest.c >&5
configure:5431: $? = 0
configure:5433: ar --plugin /usr/libexec/gcc/x86_64-linux-gnu/13/liblto_plugin.so cru libconftest.a conftest.o >&5
ar: `u' modifier ignored since `D' is the default (see `U')
configure:5436: $? = 0
configure:5464: result: ar
configure:5498: checking whether NLS is requested
configure:5507: result: no
configure:5545: checking for msgfmt
configure:5579: result: no
configure:5585: checking for gmsgfmt
configure:5616: result: :
configure:5656: checking for xgettext
configure:5690: result: no
configure:5727: checking for msgmerge
configure:5760: result: no
configure:5832: checking for ld used by GCC
configure:5895: result: ld
configure:5902: checking if the linker (ld) is GNU ld
GNU ld (GNU Binutils for Ubuntu) 2.42
configure:5914: result: yes
configure:5920: checking for shared library run path origin
configure:5933: result: done
configure:6380: checking for CFPreferencesCopyAppValue
configure:6398: gcc -o conftest -g -O2        conftest.c  -Wl,-framework -Wl,CoreFoundation >&5
conftest.c:26:10: fatal error: CoreFoundation/CFPreferences.h: No such file or directory
   26 | #include <CoreFoundation/CFPreferences.h>
      |          ^~~~~~~~~~~~~~~~~~~~~~~~~~~~~~~~
compilation terminated.
configure:6398: $? = 1
configure: failed program was:
| /* confdefs.h */
| #define PACKAGE_NAME "libctf"
| #define PACKAGE_TARNAME "libctf"
| #define PACKAGE_VERSION "1.2.0"
| #define PACKAGE_STRING "libctf 1.2.0"
| #define PACKAGE_BUGREPORT ""
| #define PACKAGE_URL ""
| #define STDC_HEADERS 1
| #define HAVE_SYS_TYPES_H 1
| #define HAVE_SYS_STAT_H 1
| #define HAVE_STDLIB_H 1
| #define HAVE_STRING_H 1
| #define HAVE_MEMORY_H 1
| #define HAVE_STRINGS_H 1
| #define HAVE_INTTYPES_H 1
| #define HAVE_STDINT_H 1
| #define HAVE_UNISTD_H 1
| #define __EXTENSIONS__ 1
| #define _ALL_SOURCE 1
| #define _GNU_SOURCE 1
| #define _POSIX_PTHREAD_SEMANTICS 1
| #define _TANDEM_SOURCE 1
| #define PACKAGE "libctf"
| #define VERSION "1.2.0"
| /* end confdefs.h.  */
| #include <CoreFoundation/CFPreferences.h>
| int
| main ()
| {
| CFPreferencesCopyAppValue(NULL, NULL)
|   ;
|   return 0;
| }
configure:6407: result: no
configure:6414: checking for CFLocaleCopyPreferredLanguages
configure:6432: gcc -o conftest -g -O2        conftest.c  -Wl,-framework -Wl,CoreFoundation >&5
conftest.c:26:10: fatal error: CoreFoundation/CFLocale.h: No such file or directory
   26 | #include <CoreFoundation/CFLocale.h>
      |          ^~~~~~~~~~~~~~~~~~~~~~~~~~~
compilation terminated.
configure:6432: $? = 1
configure: failed program was:
| /* confdefs.h */
| #define PACKAGE_NAME "libctf"
| #define PACKAGE_TARNAME "libctf"
| #define PACKAGE_VERSION "1.2.0"
| #define PACKAGE_STRING "libctf 1.2.0"
| #define PACKAGE_BUGREPORT ""
| #define PACKAGE_URL ""
| #define STDC_HEADERS 1
| #define HAVE_SYS_TYPES_H 1
| #define HAVE_SYS_STAT_H 1
| #define HAVE_STDLIB_H 1
| #define HAVE_STRING_H 1
| #define HAVE_MEMORY_H 1
| #define HAVE_STRINGS_H 1
| #define HAVE_INTTYPES_H 1
| #define HAVE_STDINT_H 1
| #define HAVE_UNISTD_H 1
| #define __EXTENSIONS__ 1
| #define _ALL_SOURCE 1
| #define _GNU_SOURCE 1
| #define _POSIX_PTHREAD_SEMANTICS 1
| #define _TANDEM_SOURCE 1
| #define PACKAGE "libctf"
| #define VERSION "1.2.0"
| /* end confdefs.h.  */
| #include <CoreFoundation/CFLocale.h>
| int
| main ()
| {
| CFLocaleCopyPreferredLanguages();
|   ;
|   return 0;
| }
configure:6441: result: no
configure:7321: checking whether to use NLS
configure:7323: result: no
configure:7406: checking whether NLS is requested
configure:7409: result: no
configure:7542: checking how to print strings
configure:7569: result: printf
configure:7590: checking for a sed that does not truncate output
configure:7654: result: /usr/bin/sed
configure:7672: checking for fgrep
configure:7734: result: /usr/bin/grep -F
configure:7769: checking for ld used by gcc
configure:7836: result: ld
configure:7843: checking if the linker (ld) is GNU ld
configure:7858: result: yes
configure:7870: checking for BSD- or MS-compatible name lister (nm)
configure:7926: result: /usr/bin/nm -B
configure:8056: checking the name lister (/usr/bin/nm -B) interface
configure:8063: gcc -c -g -O2      conftest.c >&5
configure:8066: /usr/bin/nm -B "conftest.o"
configure:8069: output
0000000000000000 B some_variable
configure:8076: result: BSD nm
configure:8079: checking whether ln -s works
configure:8083: result: yes
configure:8091: checking the maximum length of command line arguments
configure:8216: result: 1572864
configure:8233: checking whether the shell understands some XSI constructs
configure:8243: result: yes
configure:8247: checking whether the shell understands "+="
configure:8253: result: yes
configure:8288: checking for ld option to reload object files
configure:8295: result: -r
configure:8324: checking for x86_64-pc-linux-gnu-objdump
configure:8351: result: objdump
configure:8423: checking how to recognize dependent libraries
configure:8629: result: pass_all
configure:8662: checking for x86_64-pc-linux-gnu-ar
configure:8689: result: ar --plugin /usr/libexec/gcc/x86_64-linux-gnu/13/liblto_plugin.so
configure:8780: checking for x86_64-pc-linux-gnu-strip
configure:8810: result: no
configure:8820: checking for strip
configure:8836: found /usr/bin/strip
configure:8847: result: strip
configure:8879: checking for x86_64-pc-linux-gnu-ranlib
configure:8906: result: ranlib --plugin /usr/libexec/gcc/x86_64-linux-gnu/13/liblto_plugin.so
configure:9053: checking command to parse /usr/bin/nm -B output from gcc object
configure:9171: gcc -c -g -O2      conftest.c >&5
configure:9174: $? = 0
configure:9178: /usr/bin/nm -B conftest.o \| sed -n -e 's/^.*[ ]\([ABCDGIRSTW][ABCDGIRSTW]*\)[ ][ ]*\([_A-Za-z][_A-Za-z0-9]*\)$/\1 \2 \2/p' \> conftest.nm
configure:9181: $? = 0
configure:9235: gcc -o conftest -g -O2        conftest.c conftstm.o >&5
configure:9238: $? = 0
configure:9276: result: ok
configure:9371: gcc -c -g -O2      conftest.c >&5
configure:9374: $? = 0
configure:10126: checking for dlfcn.h
configure:10126: gcc -c -g -O2      conftest.c >&5
configure:10126: $? = 0
configure:10126: result: yes
configure:10283: checking for objdir
configure:10298: result: .libs
configure:10569: checking if gcc supports -fno-rtti -fno-exceptions
configure:10587: gcc -c -g -O2      -fno-rtti -fno-exceptions conftest.c >&5
cc1: warning: command-line option '-fno-rtti' is valid for C++/D/ObjC++ but not for C
configure:10591: $? = 0
configure:10604: result: no
configure:10624: checking for gcc option to produce PIC
configure:10910: result: -fPIC -DPIC
configure:10922: checking if gcc PIC flag -fPIC -DPIC works
configure:10940: gcc -c -g -O2      -fPIC -DPIC -DPIC conftest.c >&5
configure:10944: $? = 0
configure:10957: result: yes
configure:10981: checking if gcc static flag -static works
configure:11009: result: yes
configure:11024: checking if gcc supports -c -o file.o
configure:11045: gcc -c -g -O2      -o out/conftest2.o conftest.c >&5
configure:11049: $? = 0
configure:11071: result: yes
configure:11079: checking if gcc supports -c -o file.o
configure:11126: result: yes
configure:11159: checking whether the gcc linker (ld -m elf_x86_64) supports shared libraries
configure:12230: result: yes
configure:12475: checking dynamic linker characteristics
configure:12921: gcc -o conftest -g -O2        -Wl,-rpath -Wl,/foo conftest.c  >&5
configure:12921: $? = 0
configure:13162: result: GNU/Linux ld.so
configure:13269: checking how to hardcode library paths into programs
configure:13294: result: immediate
configure:13834: checking whether stripping libraries is possible
configure:13839: result: yes
configure:13874: checking if libtool supports shared libraries
configure:13876: result: yes
configure:13879: checking whether to build shared libraries
configure:13900: result: no
configure:13903: checking whether to build static libraries
configure:13907: result: yes
configure:13949: checking for special C compiler options needed for large files
configure:13994: result: no
configure:14000: checking for _FILE_OFFSET_BITS value needed for large files
configure:14025: gcc -c -g -O2      conftest.c >&5
configure:14025: $? = 0
configure:14057: result: no
configure:14143: creating ./config.lt

## ------------------ ##
## Running config.lt. ##
## ------------------ ##
config.lt:615: creating libtool
configure:15508: checking for aclocal
configure:15535: result: ${SHELL} /home/stroxzu/binutils-2.42/missing aclocal-1.15
configure:15551: checking for autoconf
configure:15578: result: ${SHELL} /home/stroxzu/binutils-2.42/missing autoconf
configure:15594: checking for autoheader
configure:15621: result: ${SHELL} /home/stroxzu/binutils-2.42/missing autoheader
configure:15655: checking whether gcc supports -W
configure:15672: gcc -c -W  conftest.c >&5
configure:15672: $? = 0
configure:15681: result: yes
configure:15655: checking whether gcc supports -Wall
configure:15672: gcc -c -Wall  conftest.c >&5
configure:15672: $? = 0
configure:15681: result: yes
configure:15655: checking whether gcc supports -Wnarrowing
configure:15672: gcc -c -Wnarrowing  conftest.c >&5
configure:15672: $? = 0
configure:15681: result: yes
configure:15655: checking whether gcc supports -Wwrite-strings
configure:15672: gcc -c -Wwrite-strings  conftest.c >&5
configure:15672: $? = 0
configure:15681: result: yes
configure:15655: checking whether gcc supports -Wmissing-format-attribute
configure:15672: gcc -c -Wmissing-format-attribute  conftest.c >&5
configure:15672: $? = 0
configure:15681: result: yes
configure:15713: checking whether gcc supports -Wstrict-prototypes
configure:15730: gcc -c -Wstrict-prototypes  conftest.c >&5
conftest.c:30:1: warning: function declaration isn't a prototype [-Wstrict-prototypes]
   30 | main ()
      | ^~~~
configure:15730: $? = 0
configure:15739: result: yes
configure:15713: checking whether gcc supports -Wmissing-prototypes
configure:15730: gcc -c -Wmissing-prototypes  conftest.c >&5
configure:15730: $? = 0
configure:15739: result: yes
configure:15713: checking whether gcc supports -Wold-style-definition
configure:15730: gcc -c -Wold-style-definition  conftest.c >&5
conftest.c: In function 'main':
conftest.c:30:1: warning: old-style function definition [-Wold-style-definition]
   30 | main ()
      | ^~~~
configure:15730: $? = 0
configure:15739: result: yes
configure:15763: checking whether gcc supports -pedantic -Wlong-long
configure:15781: gcc -c -pedantic -Wlong-long  conftest.c >&5
configure:15781: $? = 0
configure:15789: result: yes
configure:15833: checking whether to enable maintainer-specific portions of Makefiles
configure:15842: result: no
configure:15870: checking whether to install libbfd
configure:15883: result: no
configure:15928: checking whether gcc supports -Wall
configure:15954: result: yes
configure:15975: checking for stdlib.h
configure:15975: result: yes
configure:15975: checking for unistd.h
configure:15975: result: yes
configure:15975: checking for sys/param.h
configure:15975: gcc -c -g -O2      conftest.c >&5
configure:15975: $? = 0
configure:15975: result: yes
configure:15995: checking for getpagesize
configure:15995: gcc -o conftest -g -O2        conftest.c  >&5
configure:15995: $? = 0
configure:15995: result: yes
configure:16004: checking for working mmap
configure:16151: gcc -o conftest -g -O2        conftest.c  >&5
configure:16151: $? = 0
configure:16151: ./conftest
configure:16151: $? = 0
configure:16161: result: yes
configure:16171: checking for library containing dlsym
configure:16202: gcc -o conftest -g -O2        conftest.c  >&5
configure:16202: $? = 0
configure:16219: result: none required
configure:16285: checking for ELF support in BFD
configure:16305: ./libtool --quiet --mode=link gcc -o conftest -I../../../binutils-2.42/libctf/../include -I../bfd -I../../../binutils-2.42/libctf/../bfd -g -O2      -L../bfd -L../libiberty   conftest.c -lbfd -liberty   >&5
configure:16305: $? = 0
configure:16313: result: yes
configure:16326: checking whether byte ordering is bigendian
configure:16341: gcc -c -g -O2      conftest.c >&5
conftest.c:35:16: error: unknown type name 'not'
   35 |                not a universal capable compiler
      |                ^~~
conftest.c:35:22: error: expected '=', ',', ';', 'asm' or '__attribute__' before 'universal'
   35 |                not a universal capable compiler
      |                      ^~~~~~~~~
conftest.c:35:22: error: unknown type name 'universal'
configure:16341: $? = 1
configure: failed program was:
| /* confdefs.h */
| #define PACKAGE_NAME "libctf"
| #define PACKAGE_TARNAME "libctf"
| #define PACKAGE_VERSION "1.2.0"
| #define PACKAGE_STRING "libctf 1.2.0"
| #define PACKAGE_BUGREPORT ""
| #define PACKAGE_URL ""
| #define STDC_HEADERS 1
| #define HAVE_SYS_TYPES_H 1
| #define HAVE_SYS_STAT_H 1
| #define HAVE_STDLIB_H 1
| #define HAVE_STRING_H 1
| #define HAVE_MEMORY_H 1
| #define HAVE_STRINGS_H 1
| #define HAVE_INTTYPES_H 1
| #define HAVE_STDINT_H 1
| #define HAVE_UNISTD_H 1
| #define __EXTENSIONS__ 1
| #define _ALL_SOURCE 1
| #define _GNU_SOURCE 1
| #define _POSIX_PTHREAD_SEMANTICS 1
| #define _TANDEM_SOURCE 1
| #define PACKAGE "libctf"
| #define VERSION "1.2.0"
| #define HAVE_DLFCN_H 1
| #define LT_OBJDIR ".libs/"
| #define HAVE_STDLIB_H 1
| #define HAVE_UNISTD_H 1
| #define HAVE_SYS_PARAM_H 1
| #define HAVE_GETPAGESIZE 1
| #define HAVE_MMAP 1
| #define HAVE_BFD_ELF 1
| /* end confdefs.h.  */
| #ifndef __APPLE_CC__
| 	       not a universal capable compiler
| 	     #endif
| 	     typedef int dummy;
| 
configure:16386: gcc -c -g -O2      conftest.c >&5
configure:16386: $? = 0
configure:16404: gcc -c -g -O2      conftest.c >&5
conftest.c: In function 'main':
conftest.c:41:18: error: unknown type name 'not'; did you mean 'ino_t'?
   41 |                  not big endian
      |                  ^~~
      |                  ino_t
conftest.c:41:26: error: expected '=', ',', ';', 'asm' or '__attribute__' before 'endian'
   41 |                  not big endian
      |                          ^~~~~~
configure:16404: $? = 1
configure: failed program was:
| /* confdefs.h */
| #define PACKAGE_NAME "libctf"
| #define PACKAGE_TARNAME "libctf"
| #define PACKAGE_VERSION "1.2.0"
| #define PACKAGE_STRING "libctf 1.2.0"
| #define PACKAGE_BUGREPORT ""
| #define PACKAGE_URL ""
| #define STDC_HEADERS 1
| #define HAVE_SYS_TYPES_H 1
| #define HAVE_SYS_STAT_H 1
| #define HAVE_STDLIB_H 1
| #define HAVE_STRING_H 1
| #define HAVE_MEMORY_H 1
| #define HAVE_STRINGS_H 1
| #define HAVE_INTTYPES_H 1
| #define HAVE_STDINT_H 1
| #define HAVE_UNISTD_H 1
| #define __EXTENSIONS__ 1
| #define _ALL_SOURCE 1
| #define _GNU_SOURCE 1
| #define _POSIX_PTHREAD_SEMANTICS 1
| #define _TANDEM_SOURCE 1
| #define PACKAGE "libctf"
| #define VERSION "1.2.0"
| #define HAVE_DLFCN_H 1
| #define LT_OBJDIR ".libs/"
| #define HAVE_STDLIB_H 1
| #define HAVE_UNISTD_H 1
| #define HAVE_SYS_PARAM_H 1
| #define HAVE_GETPAGESIZE 1
| #define HAVE_MMAP 1
| #define HAVE_BFD_ELF 1
| /* end confdefs.h.  */
| #include <sys/types.h>
| 		#include <sys/param.h>
| 
| int
| main ()
| {
| #if BYTE_ORDER != BIG_ENDIAN
| 		 not big endian
| 		#endif
| 
|   ;
|   return 0;
| }
configure:16532: result: no
configure:16553: checking byteswap.h usability
configure:16553: gcc -c -g -O2      conftest.c >&5
configure:16553: $? = 0
configure:16553: result: yes
configure:16553: checking byteswap.h presence
configure:16553: gcc -E  conftest.c
configure:16553: $? = 0
configure:16553: result: yes
configure:16553: checking for byteswap.h
configure:16553: result: yes
configure:16553: checking endian.h usability
configure:16553: gcc -c -g -O2      conftest.c >&5
configure:16553: $? = 0
configure:16553: result: yes
configure:16553: checking endian.h presence
configure:16553: gcc -E  conftest.c
configure:16553: $? = 0
configure:16553: result: yes
configure:16553: checking for endian.h
configure:16553: result: yes
configure:16565: checking for pread
configure:16565: gcc -o conftest -g -O2        conftest.c  >&5
configure:16565: $? = 0
configure:16565: result: yes
configure:16575: checking whether bswap_16 is declared
configure:16575: gcc -c -g -O2      conftest.c >&5
configure:16575: $? = 0
configure:16575: result: yes
configure:16586: checking whether bswap_32 is declared
configure:16586: gcc -c -g -O2      conftest.c >&5
configure:16586: $? = 0
configure:16586: result: yes
configure:16597: checking whether bswap_64 is declared
configure:16597: gcc -c -g -O2      conftest.c >&5
configure:16597: $? = 0
configure:16597: result: yes
configure:16609: checking whether asprintf is declared
configure:16609: gcc -c -g -O2      conftest.c >&5
configure:16609: $? = 0
configure:16609: result: yes
configure:16619: checking whether vasprintf is declared
configure:16619: gcc -c -g -O2      conftest.c >&5
configure:16619: $? = 0
configure:16619: result: yes
configure:16629: checking whether stpcpy is declared
configure:16629: gcc -c -g -O2      conftest.c >&5
configure:16629: $? = 0
configure:16629: result: yes
configure:16647: checking for qsort_r
configure:16647: gcc -o conftest -g -O2        conftest.c  >&5
configure:16647: $? = 0
configure:16647: result: yes
configure:16660: checking for qsort_r signature
configure:16686: gcc -o conftest -g -O2        conftest.c  >&5
configure:16686: $? = 0
configure:16720: result: GNU
configure:16743: checking for O_CLOEXEC
configure:16763: gcc -o conftest -g -O2        conftest.c  >&5
configure:16763: $? = 0
configure:16771: result: yes
configure:16786: checking for makeinfo
configure:16813: result: makeinfo --split-size=5000000
configure:16891: checking for expect
configure:16924: result: no
configure:16929: checking for Tcl supporting try/catch
configure:16940: result: no
configure:16951: checking for linker versioning flags
configure:16966: gcc -o conftest -g -O2     -fPIC    -shared -Wl,--version-script=conftest.ver conftest.c  >&5
configure:16966: $? = 0
configure:16995: result: -Wl,--version-script='../../../binutils-2.42/libctf/libctf.ver'
configure:17076: updating cache ./config.cache
configure:17120: checking that generated files are newer than configure
configure:17126: result: done
configure:17170: creating ./config.status

## ---------------------- ##
## Running config.status. ##
## ---------------------- ##

This file was extended by libctf config.status 1.2.0, which was
generated by GNU Autoconf 2.69.  Invocation command line was

  CONFIG_FILES    = 
  CONFIG_HEADERS  = 
  CONFIG_LINKS    = 
  CONFIG_COMMANDS = 
  $ ./config.status 

on LAPTOP-1OUKE04M

config.status:1152: creating Makefile
config.status:1152: creating config.h
config.status:1366: executing depfiles commands
config.status:1366: executing default-1 commands
config.status:1366: executing libtool commands

## ---------------- ##
## Cache variables. ##
## ---------------- ##

ac_cv_build=x86_64-pc-linux-gnu
ac_cv_c_bigendian=no
ac_cv_c_compiler_gnu=yes
ac_cv_env_CC_set=set
ac_cv_env_CC_value=gcc
ac_cv_env_CFLAGS_set=set
ac_cv_env_CFLAGS_value='-g -O2    '
ac_cv_env_CPPFLAGS_set=
ac_cv_env_CPPFLAGS_value=
ac_cv_env_CPP_set=
ac_cv_env_CPP_value=
ac_cv_env_LDFLAGS_set=set
ac_cv_env_LDFLAGS_value=' '
ac_cv_env_LIBS_set=
ac_cv_env_LIBS_value=
ac_cv_env_build_alias_set=set
ac_cv_env_build_alias_value=x86_64-pc-linux-gnu
ac_cv_env_host_alias_set=set
ac_cv_env_host_alias_value=x86_64-pc-linux-gnu
ac_cv_env_target_alias_set=set
ac_cv_env_target_alias_value=i686-elf
ac_cv_func_getpagesize=yes
ac_cv_func_mmap_fixed_mapped=yes
ac_cv_func_pread=yes
ac_cv_func_qsort_r=yes
ac_cv_have_decl_asprintf=yes
ac_cv_have_decl_bswap_16=yes
ac_cv_have_decl_bswap_32=yes
ac_cv_have_decl_bswap_64=yes
ac_cv_have_decl_stpcpy=yes
ac_cv_have_decl_vasprintf=yes
ac_cv_header_byteswap_h=yes
ac_cv_header_dlfcn_h=yes
ac_cv_header_endian_h=yes
ac_cv_header_inttypes_h=yes
ac_cv_header_memory_h=yes
ac_cv_header_minix_config_h=no
ac_cv_header_stdc=yes
ac_cv_header_stdint_h=yes
ac_cv_header_stdlib_h=yes
ac_cv_header_string_h=yes
ac_cv_header_strings_h=yes
ac_cv_header_sys_param_h=yes
ac_cv_header_sys_stat_h=yes
ac_cv_header_sys_types_h=yes
ac_cv_header_unistd_h=yes
ac_cv_host=x86_64-pc-linux-gnu
ac_cv_libctf_bfd_elf=yes
ac_cv_libctf_macro_O_CLOEXEC=yes
ac_cv_libctf_qsort_r_signature=GNU
ac_cv_libctf_tcl_try=no
ac_cv_libctf_version_script='-Wl,--version-script='\''../../../binutils-2.42/libctf/libctf.ver'\'''
ac_cv_objext=o
ac_cv_path_EGREP='/usr/bin/grep -E'
ac_cv_path_FGREP='/usr/bin/grep -F'
ac_cv_path_GMSGFMT=:
ac_cv_path_GREP=/usr/bin/grep
ac_cv_path_MSGFMT=:
ac_cv_path_MSGMERGE=:
ac_cv_path_SED=/usr/bin/sed
ac_cv_path_XGETTEXT=:
ac_cv_path_mkdir=/usr/bin/mkdir
ac_cv_prog_ACLOCAL='${SHELL} /home/stroxzu/binutils-2.42/missing aclocal-1.15'
ac_cv_prog_AR='ar --plugin /usr/libexec/gcc/x86_64-linux-gnu/13/liblto_plugin.so'
ac_cv_prog_AUTOCONF='${SHELL} /home/stroxzu/binutils-2.42/missing autoconf'
ac_cv_prog_AUTOHEADER='${SHELL} /home/stroxzu/binutils-2.42/missing autoheader'
ac_cv_prog_AWK=gawk
ac_cv_prog_CC=gcc
ac_cv_prog_CPP='gcc -E'
ac_cv_prog_MAKEINFO='makeinfo --split-size=5000000'
ac_cv_prog_OBJDUMP=objdump
ac_cv_prog_RANLIB='ranlib --plugin /usr/libexec/gcc/x86_64-linux-gnu/13/liblto_plugin.so'
ac_cv_prog_ac_ct_STRIP=strip
ac_cv_prog_cc_c89=
ac_cv_prog_cc_g=yes
ac_cv_prog_make_make_set=yes
ac_cv_safe_to_define___extensions__=yes
ac_cv_search_dlsym='none required'
ac_cv_sys_file_offset_bits=no
ac_cv_sys_largefile_CC=no
ac_cv_target=i686-pc-elf
acl_cv_hardcode_direct=no
acl_cv_hardcode_libdir_flag_spec='${wl}-rpath ${wl}$libdir'
acl_cv_hardcode_libdir_separator=
acl_cv_hardcode_minus_L=no
acl_cv_libext=a
acl_cv_path_LD=ld
acl_cv_prog_gnu_ld=yes
acl_cv_rpath=done
acl_cv_shlibext=so
acl_cv_wl=-Wl,
acx_cv_prog_cc_pedantic__Wlong_long=yes
acx_cv_prog_cc_warning__W=yes
acx_cv_prog_cc_warning__Wall=yes
acx_cv_prog_cc_warning__Wmissing_format_attribute=yes
acx_cv_prog_cc_warning__Wmissing_prototypes=yes
acx_cv_prog_cc_warning__Wnarrowing=yes
acx_cv_prog_cc_warning__Wold_style_definition=yes
acx_cv_prog_cc_warning__Wstrict_prototypes=yes
acx_cv_prog_cc_warning__Wwrite_strings=yes
am_cv_CC_dependencies_compiler_type=gcc3
am_cv_ar_interface=ar
am_cv_make_support_nested_variables=yes
am_cv_prog_cc_c_o=yes
gt_cv_func_CFLocaleCopyPreferredLanguages=no
gt_cv_func_CFPreferencesCopyAppValue=no
lt_cv_deplibs_check_method=pass_all
lt_cv_file_magic_cmd='$MAGIC_CMD'
lt_cv_file_magic_test_file=
lt_cv_ld_reload_flag=-r
lt_cv_nm_interface='BSD nm'
lt_cv_objdir=.libs
lt_cv_path_LD=ld
lt_cv_path_NM='/usr/bin/nm -B'
lt_cv_prog_compiler_c_o=yes
lt_cv_prog_compiler_pic_works=yes
lt_cv_prog_compiler_rtti_exceptions=no
lt_cv_prog_compiler_static_works=yes
lt_cv_prog_gnu_ld=yes
lt_cv_shlibpath_overrides_runpath=yes
lt_cv_sys_global_symbol_pipe='sed -n -e '\''s/^.*[	 ]\([ABCDGIRSTW][ABCDGIRSTW]*\)[	 ][	 ]*\([_A-Za-z][_A-Za-z0-9]*\)$/\1 \2 \2/p'\'''
lt_cv_sys_global_symbol_to_c_name_address='sed -n -e '\''s/^: \([^ ]*\) $/  {\"\1\", (void *) 0},/p'\'' -e '\''s/^[ABCDGIRSTW]* \([^ ]*\) \([^ ]*\)$/  {"\2", (void *) \&\2},/p'\'''
lt_cv_sys_global_symbol_to_c_name_address_lib_prefix='sed -n -e '\''s/^: \([^ ]*\) $/  {\"\1\", (void *) 0},/p'\'' -e '\''s/^[ABCDGIRSTW]* \([^ ]*\) \(lib[^ ]*\)$/  {"\2", (void *) \&\2},/p'\'' -e '\''s/^[ABCDGIRSTW]* \([^ ]*\) \([^ ]*\)$/  {"lib\2", (void *) \&\2},/p'\'''
lt_cv_sys_global_symbol_to_cdecl='sed -n -e '\''s/^T .* \(.*\)$/extern int \1();/p'\'' -e '\''s/^[ABCDGIRSTW]* .* \(.*\)$/extern char \1;/p'\'''
lt_cv_sys_max_cmd_len=1572864

## ----------------- ##
## Output variables. ##
## ----------------- ##

ACLOCAL='${SHELL} /home/stroxzu/binutils-2.42/missing aclocal-1.15'
AMDEPBACKSLASH='\'
AMDEP_FALSE='#'
AMDEP_TRUE=''
AMTAR='$${TAR-tar}'
AM_BACKSLASH='\'
AM_DEFAULT_V='$(AM_DEFAULT_VERBOSITY)'
AM_DEFAULT_VERBOSITY='0'
AM_V='$(V)'
AR='ar --plugin /usr/libexec/gcc/x86_64-linux-gnu/13/liblto_plugin.so --plugin /usr/libexec/gcc/x86_64-linux-gnu/13/liblto_plugin.so'
AUTOCONF='${SHELL} /home/stroxzu/binutils-2.42/missing autoconf'
AUTOHEADER='${SHELL} /home/stroxzu/binutils-2.42/missing autoheader'
AUTOMAKE='${SHELL} /home/stroxzu/binutils-2.42/missing automake-1.15'
AWK='gawk'
BUILD_INFO_FALSE='#'
BUILD_INFO_TRUE=''
CATALOGS=''
CATOBJEXT=''
CC='gcc'
CCDEPMODE='depmode=gcc3'
CFLAGS='-g -O2    '
CPP='gcc -E'
CPPFLAGS=''
CTF_LIBADD='-L/home/stroxzu/KAHAM/build-binutils/libctf/../libiberty -liberty '
CYGPATH_W='echo'
DATADIRNAME=''
DEFS='-DHAVE_CONFIG_H'
DEPDIR='.deps'
DSYMUTIL='dsymutil'
DUMPBIN=''
ECHO_C=''
ECHO_N='-n'
ECHO_T=''
EGREP='/usr/bin/grep -E'
ENABLE_LIBCTF_HASH_DEBUGGING_FALSE=''
ENABLE_LIBCTF_HASH_DEBUGGING_TRUE='#'
EXEEXT=''
EXPECT=''
FGREP='/usr/bin/grep -F'
GENCAT=''
GMSGFMT=':'
GREP='/usr/bin/grep'
HAVE_TCL_TRY='false'
INCINTL=''
INSTALL_DATA='/usr/bin/install -c -m 644'
INSTALL_LIBBFD_FALSE=''
INSTALL_LIBBFD_TRUE='#'
INSTALL_PROGRAM='/usr/bin/install -c'
INSTALL_SCRIPT='/usr/bin/install -c'
INSTALL_STRIP_PROGRAM='$(install_sh) -c -s'
INSTOBJEXT=''
INTLLIBS=''
INTL_MACOSX_LIBS=''
LD='ld -m elf_x86_64'
LDFLAGS=' '
LIBICONV='-liconv'
LIBINTL=''
LIBINTL_DEP=''
LIBOBJS=''
LIBS=''
LIBTOOL='$(SHELL) $(top_builddir)/libtool'
LIPO=''
LN_S='ln -s'
LTLIBICONV='-liconv'
LTLIBINTL=''
LTLIBOBJS=''
MAINT='#'
MAINTAINER_MODE_FALSE=''
MAINTAINER_MODE_TRUE='#'
MAKEINFO='makeinfo --split-size=5000000'
MKDIR_P='/usr/bin/mkdir -p'
MKINSTALLDIRS='$(top_builddir)/../../../binutils-2.42/libctf/../mkinstalldirs'
MSGFMT=':'
MSGMERGE=':'
NEED_CTF_QSORT_R_FALSE=''
NEED_CTF_QSORT_R_TRUE='#'
NM='/usr/bin/nm -B'
NMEDIT=''
OBJDUMP='objdump'
OBJEXT='o'
OTOOL64=''
OTOOL='otool'
PACKAGE='libctf'
PACKAGE_BUGREPORT=''
PACKAGE_NAME='libctf'
PACKAGE_STRING='libctf 1.2.0'
PACKAGE_TARNAME='libctf'
PACKAGE_URL=''
PACKAGE_VERSION='1.2.0'
PATH_SEPARATOR=':'
POSUB=''
RANLIB='ranlib --plugin /usr/libexec/gcc/x86_64-linux-gnu/13/liblto_plugin.so --plugin /usr/libexec/gcc/x86_64-linux-gnu/13/liblto_plugin.so'
SED='/usr/bin/sed'
SET_MAKE=''
SHARED_LDFLAGS=''
SHELL='/bin/bash'
STRIP='strip'
USE_NLS='no'
VERSION='1.2.0'
VERSION_FLAGS='-Wl,--version-script='\''../../../binutils-2.42/libctf/libctf.ver'\'''
VERSION_FLAGS_NOBFD='-Wl,--version-script='\''../../../binutils-2.42/libctf/libctf.ver'\'''
WARN_PEDANTIC='-pedantic -Wno-long-long'
WERROR=''
XGETTEXT=':'
ac_ct_AR=''
ac_ct_CC=''
ac_ct_DUMPBIN=''
ac_libctf_warn_cflags='-Wall'
am__EXEEXT_FALSE=''
am__EXEEXT_TRUE='#'
am__fastdepCC_FALSE='#'
am__fastdepCC_TRUE=''
am__include='include'
am__isrc=' -I$(srcdir)'
am__leading_dot='.'
am__nodep='_no'
am__quote=''
am__tar='$${TAR-tar} chof - "$$tardir"'
am__untar='$${TAR-tar} xf -'
bfdincludedir='$(exec_prefix)/$(host_noncanonical)/$(target_noncanonical)/include'
bfdlibdir='$(exec_prefix)/$(host_noncanonical)/$(target_noncanonical)/lib'
bindir='${exec_prefix}/bin'
build='x86_64-pc-linux-gnu'
build_alias='x86_64-pc-linux-gnu'
build_cpu='x86_64'
build_os='linux-gnu'
build_vendor='pc'
c_warn='-Wstrict-prototypes -Wmissing-prototypes -Wold-style-definition'
datadir='${datarootdir}'
datarootdir='${prefix}/share'
docdir='${datarootdir}/doc/${PACKAGE_TARNAME}'
dvidir='${docdir}'
exec_prefix='${prefix}'
host='x86_64-pc-linux-gnu'
host_alias='x86_64-pc-linux-gnu'
host_cpu='x86_64'
host_noncanonical='x86_64-pc-linux-gnu'
host_os='linux-gnu'
host_vendor='pc'
htmldir='${docdir}'
includedir='${prefix}/include'
infodir='${datarootdir}/info'
install_sh='${SHELL} /home/stroxzu/binutils-2.42/install-sh'
libdir='${exec_prefix}/lib'
libexecdir='${exec_prefix}/libexec'
localedir='${datarootdir}/locale'
localstatedir='${prefix}/var'
mandir='${datarootdir}/man'
mkdir_p='$(MKDIR_P)'
oldincludedir='/usr/include'
pdfdir='${docdir}'
prefix='/home/stroxzu/opt/cross'
program_transform_name='s&^&i686-elf-&'
psdir='${docdir}'
sbindir='${exec_prefix}/sbin'
sharedstatedir='${prefix}/com'
sysconfdir='${prefix}/etc'
target='i686-pc-elf'
target_alias='i686-elf'
target_cpu='i686'
target_noncanonical='i686-elf'
target_os='elf'
target_vendor='pc'
warn='-W -Wall -Wno-narrowing -Wwrite-strings -Wmissing-format-attribute'
zlibdir='-L$(top_builddir)/../zlib'
zlibinc='-I$(top_srcdir)/../zlib'

## ----------- ##
## confdefs.h. ##
## ----------- ##

/* confdefs.h */
#define PACKAGE_NAME "libctf"
#define PACKAGE_TARNAME "libctf"
#define PACKAGE_VERSION "1.2.0"
#define PACKAGE_STRING "libctf 1.2.0"
#define PACKAGE_BUGREPORT ""
#define PACKAGE_URL ""
#define STDC_HEADERS 1
#define HAVE_SYS_TYPES_H 1
#define HAVE_SYS_STAT_H 1
#define HAVE_STDLIB_H 1
#define HAVE_STRING_H 1
#define HAVE_MEMORY_H 1
#define HAVE_STRINGS_H 1
#define HAVE_INTTYPES_H 1
#define HAVE_STDINT_H 1
#define HAVE_UNISTD_H 1
#define __EXTENSIONS__ 1
#define _ALL_SOURCE 1
#define _GNU_SOURCE 1
#define _POSIX_PTHREAD_SEMANTICS 1
#define _TANDEM_SOURCE 1
#define PACKAGE "libctf"
#define VERSION "1.2.0"
#define HAVE_DLFCN_H 1
#define LT_OBJDIR ".libs/"
#define HAVE_STDLIB_H 1
#define HAVE_UNISTD_H 1
#define HAVE_SYS_PARAM_H 1
#define HAVE_GETPAGESIZE 1
#define HAVE_MMAP 1
#define HAVE_BFD_ELF 1
#define HAVE_BYTESWAP_H 1
#define HAVE_ENDIAN_H 1
#define HAVE_PREAD 1
#define HAVE_DECL_BSWAP_16 1
#define HAVE_DECL_BSWAP_32 1
#define HAVE_DECL_BSWAP_64 1
#define HAVE_DECL_ASPRINTF 1
#define HAVE_DECL_VASPRINTF 1
#define HAVE_DECL_STPCPY 1
#define HAVE_QSORT_R 1
#define HAVE_QSORT_R_ARG_LAST 1
#define HAVE_O_CLOEXEC 1

configure: exit 0
