This file contains any messages produced by compilers while
running configure, to aid debugging if configure makes a mistake.

It was created by configure, which was
generated by GNU Autoconf 2.69.  Invocation command line was

  $ ../../binutils-2.42/configure --target=i686-elf --prefix=/home/stroxzu/opt/cross --with-sysroot --disable-nls --disable-werror

## --------- ##
## Platform. ##
## --------- ##

hostname = LAPTOP-1OUKE04M
uname -m = x86_64
uname -r = 6.6.87.2-microsoft-standard-WSL2
uname -s = Linux
uname -v = #1 SMP PREEMPT_DYNAMIC Thu Jun  5 18:30:46 UTC 2025

/usr/bin/uname -p = x86_64
/bin/uname -X     = unknown

/bin/arch              = x86_64
/usr/bin/arch -k       = unknown
/usr/convex/getsysinfo = unknown
/usr/bin/hostinfo      = unknown
/bin/machine           = unknown
/usr/bin/oslevel       = unknown
/bin/universe          = unknown

PATH: /usr/local/sbin
PATH: /usr/local/bin
PATH: /usr/sbin
PATH: /usr/bin
PATH: /sbin
PATH: /bin
PATH: /usr/games
PATH: /usr/local/games
PATH: /usr/lib/wsl/lib
PATH: /mnt/c/Program Files/Common Files/Oracle/Java/javapath
PATH: /mnt/c/MinGW/bin
PATH: /mnt/c/windows/system32
PATH: /mnt/c/windows
PATH: /mnt/c/windows/System32/Wbem
PATH: /mnt/c/windows/System32/WindowsPowerShell/v1.0/
PATH: /mnt/c/windows/System32/OpenSSH/
PATH: /mnt/c/Program Files/dotnet/
PATH: /mnt/c/Program Files/HP/HP One Agent
PATH: /mnt/c/ProgramData/chocolatey/bin
PATH: /mnt/c/Program Files/Git/cmd
PATH: /mnt/t/
PATH: /mnt/c/WINDOWS/system32
PATH: /mnt/c/WINDOWS
PATH: /mnt/c/WINDOWS/System32/Wbem
PATH: /mnt/c/WINDOWS/System32/WindowsPowerShell/v1.0/
PATH: /mnt/c/WINDOWS/System32/OpenSSH/
PATH: /mnt/c/Program Files (x86)/Windows Kits/10/Windows Performance Toolkit/
PATH: /mnt/c/Users/Tarun kumar/.cargo/bin
PATH: /mnt/t/bin/
PATH: /mnt/c/Users/Tarun kumar/AppData/Local/Programs/Python/Python312/Scripts/
PATH: /mnt/c/Users/Tarun kumar/AppData/Local/Programs/Python/Python312/
PATH: /mnt/c/Users/Tarun kumar/AppData/Local/Microsoft/WindowsApps
PATH: /mnt/t/Microsoft VS Code/bin
PATH: /mnt/c/Users/Tarun kumar/AppData/Local/Programs/Microsoft VS Code/bin
PATH: /mnt/c/Users/Tarun kumar/AppData/Local/Muse Hub/lib
PATH: /mnt/c/Users/Tarun kumar/AppData/Roaming/npm
PATH: /mnt/c/Users/Tarun kumar/.dotnet/tools
PATH: /snap/bin


## ----------- ##
## Core tests. ##
## ----------- ##

configure:2400: checking build system type
configure:2414: result: x86_64-pc-linux-gnu
configure:2461: checking host system type
configure:2474: result: x86_64-pc-linux-gnu
configure:2494: checking target system type
configure:2507: result: i686-pc-elf
configure:2561: checking for a BSD-compatible install
configure:2629: result: /usr/bin/install -c
configure:2640: checking whether ln works
configure:2662: result: yes
configure:2666: checking whether ln -s works
configure:2670: result: yes
configure:2677: checking for a sed that does not truncate output
configure:2741: result: /usr/bin/sed
configure:2750: checking for gawk
configure:2766: found /usr/bin/gawk
configure:2777: result: gawk
configure:4222: checking for gcc
configure:4238: found /usr/bin/gcc
configure:4249: result: gcc
configure:4478: checking for C compiler version
configure:4487: gcc --version >&5
gcc (Ubuntu 13.3.0-6ubuntu2~24.04) 13.3.0
Copyright (C) 2023 Free Software Foundation, Inc.
This is free software; see the source for copying conditions.  There is NO
warranty; not even for MERCHANTABILITY or FITNESS FOR A PARTICULAR PURPOSE.

configure:4498: $? = 0
configure:4487: gcc -v >&5
Using built-in specs.
COLLECT_GCC=gcc
COLLECT_LTO_WRAPPER=/usr/libexec/gcc/x86_64-linux-gnu/13/lto-wrapper
OFFLOAD_TARGET_NAMES=nvptx-none:amdgcn-amdhsa
OFFLOAD_TARGET_DEFAULT=1
Target: x86_64-linux-gnu
Configured with: ../src/configure -v --with-pkgversion='Ubuntu 13.3.0-6ubuntu2~24.04' --with-bugurl=file:///usr/share/doc/gcc-13/README.Bugs --enable-languages=c,ada,c++,go,d,fortran,objc,obj-c++,m2 --prefix=/usr --with-gcc-major-version-only --program-suffix=-13 --program-prefix=x86_64-linux-gnu- --enable-shared --enable-linker-build-id --libexecdir=/usr/libexec --without-included-gettext --enable-threads=posix --libdir=/usr/lib --enable-nls --enable-bootstrap --enable-clocale=gnu --enable-libstdcxx-debug --enable-libstdcxx-time=yes --with-default-libstdcxx-abi=new --enable-libstdcxx-backtrace --enable-gnu-unique-object --disable-vtable-verify --enable-plugin --enable-default-pie --with-system-zlib --enable-libphobos-checking=release --with-target-system-zlib=auto --enable-objc-gc=auto --enable-multiarch --disable-werror --enable-cet --with-arch-32=i686 --with-abi=m64 --with-multilib-list=m32,m64,mx32 --enable-multilib --with-tune=generic --enable-offload-targets=nvptx-none=/build/gcc-13-fG75Ri/gcc-13-13.3.0/debian/tmp-nvptx/usr,amdgcn-amdhsa=/build/gcc-13-fG75Ri/gcc-13-13.3.0/debian/tmp-gcn/usr --enable-offload-defaulted --without-cuda-driver --enable-checking=release --build=x86_64-linux-gnu --host=x86_64-linux-gnu --target=x86_64-linux-gnu --with-build-config=bootstrap-lto-lean --enable-link-serialization=2
Thread model: posix
Supported LTO compression algorithms: zlib zstd
gcc version 13.3.0 (Ubuntu 13.3.0-6ubuntu2~24.04) 
... rest of stderr output deleted ...
configure:4498: $? = 0
configure:4487: gcc -V >&5
gcc: error: unrecognized command-line option '-V'
gcc: fatal error: no input files
compilation terminated.
configure:4498: $? = 1
configure:4487: gcc -qversion >&5
gcc: error: unrecognized command-line option '-qversion'; did you mean '--version'?
gcc: fatal error: no input files
compilation terminated.
configure:4498: $? = 1
configure:4518: checking whether the C compiler works
configure:4540: gcc    conftest.c  >&5
configure:4544: $? = 0
configure:4592: result: yes
configure:4595: checking for C compiler default output file name
configure:4597: result: a.out
configure:4603: checking for suffix of executables
configure:4610: gcc -o conftest    conftest.c  >&5
configure:4614: $? = 0
configure:4636: result: 
configure:4658: checking whether we are cross compiling
configure:4666: gcc -o conftest    conftest.c  >&5
configure:4670: $? = 0
configure:4677: ./conftest
configure:4681: $? = 0
configure:4696: result: no
configure:4701: checking for suffix of object files
configure:4723: gcc -c   conftest.c >&5
configure:4727: $? = 0
configure:4748: result: o
configure:4752: checking whether we are using the GNU C compiler
configure:4771: gcc -c   conftest.c >&5
configure:4771: $? = 0
configure:4780: result: yes
configure:4789: checking whether gcc accepts -g
configure:4809: gcc -c -g  conftest.c >&5
configure:4809: $? = 0
configure:4850: result: yes
configure:4867: checking for gcc option to accept ISO C89
configure:4930: gcc  -c -g -O2  conftest.c >&5
configure:4930: $? = 0
configure:4943: result: none needed
configure:4963: checking for gcc option to accept ISO C99
configure:5112: gcc  -c -g -O2  conftest.c >&5
configure:5112: $? = 0
configure:5125: result: none needed
configure:5198: checking for g++
configure:5214: found /usr/bin/g++
configure:5225: result: g++
configure:5252: checking for C++ compiler version
configure:5261: g++ --version >&5
g++ (Ubuntu 13.3.0-6ubuntu2~24.04) 13.3.0
Copyright (C) 2023 Free Software Foundation, Inc.
This is free software; see the source for copying conditions.  There is NO
warranty; not even for MERCHANTABILITY or FITNESS FOR A PARTICULAR PURPOSE.

configure:5272: $? = 0
configure:5261: g++ -v >&5
Using built-in specs.
COLLECT_GCC=g++
COLLECT_LTO_WRAPPER=/usr/libexec/gcc/x86_64-linux-gnu/13/lto-wrapper
OFFLOAD_TARGET_NAMES=nvptx-none:amdgcn-amdhsa
OFFLOAD_TARGET_DEFAULT=1
Target: x86_64-linux-gnu
Configured with: ../src/configure -v --with-pkgversion='Ubuntu 13.3.0-6ubuntu2~24.04' --with-bugurl=file:///usr/share/doc/gcc-13/README.Bugs --enable-languages=c,ada,c++,go,d,fortran,objc,obj-c++,m2 --prefix=/usr --with-gcc-major-version-only --program-suffix=-13 --program-prefix=x86_64-linux-gnu- --enable-shared --enable-linker-build-id --libexecdir=/usr/libexec --without-included-gettext --enable-threads=posix --libdir=/usr/lib --enable-nls --enable-bootstrap --enable-clocale=gnu --enable-libstdcxx-debug --enable-libstdcxx-time=yes --with-default-libstdcxx-abi=new --enable-libstdcxx-backtrace --enable-gnu-unique-object --disable-vtable-verify --enable-plugin --enable-default-pie --with-system-zlib --enable-libphobos-checking=release --with-target-system-zlib=auto --enable-objc-gc=auto --enable-multiarch --disable-werror --enable-cet --with-arch-32=i686 --with-abi=m64 --with-multilib-list=m32,m64,mx32 --enable-multilib --with-tune=generic --enable-offload-targets=nvptx-none=/build/gcc-13-fG75Ri/gcc-13-13.3.0/debian/tmp-nvptx/usr,amdgcn-amdhsa=/build/gcc-13-fG75Ri/gcc-13-13.3.0/debian/tmp-gcn/usr --enable-offload-defaulted --without-cuda-driver --enable-checking=release --build=x86_64-linux-gnu --host=x86_64-linux-gnu --target=x86_64-linux-gnu --with-build-config=bootstrap-lto-lean --enable-link-serialization=2
Thread model: posix
Supported LTO compression algorithms: zlib zstd
gcc version 13.3.0 (Ubuntu 13.3.0-6ubuntu2~24.04) 
... rest of stderr output deleted ...
configure:5272: $? = 0
configure:5261: g++ -V >&5
g++: error: unrecognized command-line option '-V'
g++: fatal error: no input files
compilation terminated.
configure:5272: $? = 1
configure:5261: g++ -qversion >&5
g++: error: unrecognized command-line option '-qversion'; did you mean '--version'?
g++: fatal error: no input files
compilation terminated.
configure:5272: $? = 1
configure:5276: checking whether we are using the GNU C++ compiler
configure:5295: g++ -c   conftest.cpp >&5
configure:5295: $? = 0
configure:5304: result: yes
configure:5313: checking whether g++ accepts -g
configure:5333: g++ -c -g  conftest.cpp >&5
configure:5333: $? = 0
configure:5374: result: yes
configure:5423: checking whether g++ accepts -static-libstdc++ -static-libgcc
configure:5440: g++ -o conftest -g -O2   -static-libstdc++ -static-libgcc conftest.cpp  >&5
configure:5440: $? = 0
configure:5441: result: yes
configure:5505: checking for gnatbind
configure:5535: result: no
configure:5597: checking for gnatmake
configure:5627: result: no
configure:5646: checking whether compiler driver understands Ada and is recent enough
configure:5673: result: no
configure:5727: checking for gdc
configure:5757: result: no
configure:5776: checking whether the D compiler works
configure:5793: result: no
configure:5801: checking how to compare bootstrapped objects
configure:5826: result: cmp --ignore-initial=16 $$f1 $$f2
configure:7970: checking for objdir
configure:7985: result: .libs
configure:8601: checking for isl 0.15 or later
configure:8614: gcc -o conftest -g -O2      -lisl -lmpfr -lgmp conftest.c  -lisl -lgmp >&5
configure:8614: $? = 0
configure:8621: result: yes
configure:9859: checking for default BUILD_CONFIG
configure:9891: result: 
configure:9896: checking for --enable-vtable-verify
configure:9909: result: no
configure:10586: checking for bison
configure:10602: found /usr/bin/bison
configure:10613: result: bison -y
configure:10633: checking for bison
configure:10649: found /usr/bin/bison
configure:10660: result: bison
configure:10680: checking for gm4
configure:10710: result: no
configure:10680: checking for gnum4
configure:10710: result: no
configure:10680: checking for m4
configure:10696: found /usr/bin/m4
configure:10707: result: m4
configure:10727: checking for flex
configure:10743: found /usr/bin/flex
configure:10754: result: flex
configure:10775: checking for flex
configure:10791: found /usr/bin/flex
configure:10802: result: flex
configure:10822: checking for makeinfo
configure:10838: found /usr/bin/makeinfo
configure:10849: result: makeinfo
configure:10883: checking for expect
configure:10913: result: no
configure:10932: checking for runtest
configure:10962: result: no
configure:11077: checking for ar
configure:11093: found /usr/bin/ar
configure:11104: result: ar
configure:11218: checking for as
configure:11234: found /usr/bin/as
configure:11245: result: as
configure:11359: checking for dlltool
configure:11389: result: no
configure:11500: checking for dsymutil
configure:11530: result: no
configure:11641: checking for ld
configure:11657: found /usr/bin/ld
configure:11668: result: ld
configure:11782: checking for lipo
configure:11812: result: no
configure:11923: checking for nm
configure:11939: found /usr/bin/nm
configure:11950: result: nm
configure:12064: checking for ranlib
configure:12080: found /usr/bin/ranlib
configure:12091: result: ranlib
configure:12200: checking for strip
configure:12216: found /usr/bin/strip
configure:12227: result: strip
configure:12336: checking for windres
configure:12366: result: no
configure:12477: checking for windmc
configure:12507: result: no
configure:12618: checking for objcopy
configure:12634: found /usr/bin/objcopy
configure:12645: result: objcopy
configure:12759: checking for objdump
configure:12775: found /usr/bin/objdump
configure:12786: result: objdump
configure:12900: checking for otool
configure:12930: result: no
configure:13041: checking for readelf
configure:13057: found /usr/bin/readelf
configure:13068: result: readelf
configure:13098: checking for -plugin option
configure:13218: result: --plugin /usr/libexec/gcc/x86_64-linux-gnu/13/liblto_plugin.so
configure:13326: checking for i686-elf-cc
configure:13356: result: no
configure:13326: checking for i686-elf-gcc
configure:13356: result: no
configure:13487: checking for i686-elf-c++
configure:13517: result: no
configure:13487: checking for i686-elf-g++
configure:13517: result: no
configure:13487: checking for i686-elf-cxx
configure:13517: result: no
configure:13487: checking for i686-elf-gxx
configure:13517: result: no
configure:13648: checking for i686-elf-gcc
configure:13678: result: no
configure:13804: checking for i686-elf-gfortran
configure:13834: result: no
configure:13965: checking for i686-elf-gccgo
configure:13995: result: no
configure:14126: checking for i686-elf-gdc
configure:14156: result: no
configure:14287: checking for i686-elf-gm2
configure:14317: result: no
configure:14528: checking for i686-elf-ar
configure:14558: result: no
configure:14758: checking for i686-elf-as
configure:14788: result: no
configure:14988: checking for i686-elf-dlltool
configure:15018: result: no
configure:15218: checking for i686-elf-dsymutil
configure:15248: result: no
configure:15448: checking for i686-elf-ld
configure:15478: result: no
configure:15678: checking for i686-elf-lipo
configure:15708: result: no
configure:15908: checking for i686-elf-nm
configure:15938: result: no
configure:16138: checking for i686-elf-objcopy
configure:16168: result: no
configure:16368: checking for i686-elf-objdump
configure:16398: result: no
configure:16598: checking for i686-elf-otool
configure:16628: result: no
configure:16828: checking for i686-elf-ranlib
configure:16858: result: no
configure:17058: checking for i686-elf-readelf
configure:17088: result: no
configure:17288: checking for i686-elf-strip
configure:17318: result: no
configure:17518: checking for i686-elf-windres
configure:17548: result: no
configure:17748: checking for i686-elf-windmc
configure:17778: result: no
configure:17845: checking where to find the target ar
configure:17868: result: just compiled
configure:17887: checking where to find the target as
configure:17910: result: just compiled
configure:17929: checking where to find the target cc
configure:17966: result: pre-installed
configure:17971: checking where to find the target c++
configure:18011: result: pre-installed
configure:18016: checking where to find the target c++ for libstdc++
configure:18056: result: pre-installed
configure:18061: checking where to find the target dlltool
configure:18084: result: just compiled
configure:18103: checking where to find the target dsymutil
configure:18129: result: pre-installed
configure:18134: checking where to find the target gcc
configure:18171: result: pre-installed
configure:18176: checking where to find the target gfortran
configure:18216: result: pre-installed
configure:18221: checking where to find the target gccgo
configure:18261: result: pre-installed
configure:18266: checking where to find the target gdc
configure:18306: result: pre-installed
configure:18311: checking where to find the target gm2
configure:18351: result: pre-installed
configure:18356: checking where to find the target ld
configure:18379: result: just compiled
configure:18398: checking where to find the target lipo
configure:18424: result: pre-installed
configure:18429: checking where to find the target nm
configure:18452: result: just compiled
configure:18471: checking where to find the target objcopy
configure:18494: result: just compiled
configure:18513: checking where to find the target objdump
configure:18536: result: just compiled
configure:18555: checking where to find the target otool
configure:18581: result: pre-installed
configure:18586: checking where to find the target ranlib
configure:18609: result: just compiled
configure:18628: checking where to find the target readelf
configure:18651: result: just compiled
configure:18670: checking where to find the target strip
configure:18693: result: just compiled
configure:18712: checking where to find the target windres
configure:18735: result: just compiled
configure:18754: checking where to find the target windmc
configure:18777: result: just compiled
configure:18824: checking whether to enable maintainer-specific portions of Makefiles
configure:18833: result: no
configure:19070: creating ./config.status

## ---------------------- ##
## Running config.status. ##
## ---------------------- ##

This file was extended by config.status, which was
generated by GNU Autoconf 2.69.  Invocation command line was

  CONFIG_FILES    = 
  CONFIG_HEADERS  = 
  CONFIG_LINKS    = 
  CONFIG_COMMANDS = 
  $ ./config.status 

on LAPTOP-1OUKE04M

config.status:997: creating Makefile

## ---------------- ##
## Cache variables. ##
## ---------------- ##

ac_cv_build=x86_64-pc-linux-gnu
ac_cv_c_compiler_gnu=yes
ac_cv_cxx_compiler_gnu=yes
ac_cv_env_AR_FOR_TARGET_set=
ac_cv_env_AR_FOR_TARGET_value=
ac_cv_env_AR_set=
ac_cv_env_AR_value=
ac_cv_env_AS_FOR_TARGET_set=
ac_cv_env_AS_FOR_TARGET_value=
ac_cv_env_AS_set=
ac_cv_env_AS_value=
ac_cv_env_CCC_set=
ac_cv_env_CCC_value=
ac_cv_env_CC_FOR_TARGET_set=
ac_cv_env_CC_FOR_TARGET_value=
ac_cv_env_CC_set=
ac_cv_env_CC_value=
ac_cv_env_CFLAGS_set=
ac_cv_env_CFLAGS_value=
ac_cv_env_CPPFLAGS_set=
ac_cv_env_CPPFLAGS_value=
ac_cv_env_CXXFLAGS_set=
ac_cv_env_CXXFLAGS_value=
ac_cv_env_CXX_FOR_TARGET_set=
ac_cv_env_CXX_FOR_TARGET_value=
ac_cv_env_CXX_set=
ac_cv_env_CXX_value=
ac_cv_env_DLLTOOL_FOR_TARGET_set=
ac_cv_env_DLLTOOL_FOR_TARGET_value=
ac_cv_env_DLLTOOL_set=
ac_cv_env_DLLTOOL_value=
ac_cv_env_DSYMUTIL_FOR_TARGET_set=
ac_cv_env_DSYMUTIL_FOR_TARGET_value=
ac_cv_env_DSYMUTIL_set=
ac_cv_env_DSYMUTIL_value=
ac_cv_env_GCC_FOR_TARGET_set=
ac_cv_env_GCC_FOR_TARGET_value=
ac_cv_env_GDC_FOR_TARGET_set=
ac_cv_env_GDC_FOR_TARGET_value=
ac_cv_env_GFORTRAN_FOR_TARGET_set=
ac_cv_env_GFORTRAN_FOR_TARGET_value=
ac_cv_env_GM2_FOR_TARGET_set=
ac_cv_env_GM2_FOR_TARGET_value=
ac_cv_env_GOC_FOR_TARGET_set=
ac_cv_env_GOC_FOR_TARGET_value=
ac_cv_env_LDFLAGS_set=
ac_cv_env_LDFLAGS_value=
ac_cv_env_LD_FOR_TARGET_set=
ac_cv_env_LD_FOR_TARGET_value=
ac_cv_env_LD_set=
ac_cv_env_LD_value=
ac_cv_env_LIBS_set=
ac_cv_env_LIBS_value=
ac_cv_env_LIPO_FOR_TARGET_set=
ac_cv_env_LIPO_FOR_TARGET_value=
ac_cv_env_LIPO_set=
ac_cv_env_LIPO_value=
ac_cv_env_NM_FOR_TARGET_set=
ac_cv_env_NM_FOR_TARGET_value=
ac_cv_env_NM_set=
ac_cv_env_NM_value=
ac_cv_env_OBJCOPY_FOR_TARGET_set=
ac_cv_env_OBJCOPY_FOR_TARGET_value=
ac_cv_env_OBJCOPY_set=
ac_cv_env_OBJCOPY_value=
ac_cv_env_OBJDUMP_FOR_TARGET_set=
ac_cv_env_OBJDUMP_FOR_TARGET_value=
ac_cv_env_OBJDUMP_set=
ac_cv_env_OBJDUMP_value=
ac_cv_env_OTOOL_FOR_TARGET_set=
ac_cv_env_OTOOL_FOR_TARGET_value=
ac_cv_env_OTOOL_set=
ac_cv_env_OTOOL_value=
ac_cv_env_RANLIB_FOR_TARGET_set=
ac_cv_env_RANLIB_FOR_TARGET_value=
ac_cv_env_RANLIB_set=
ac_cv_env_RANLIB_value=
ac_cv_env_READELF_FOR_TARGET_set=
ac_cv_env_READELF_FOR_TARGET_value=
ac_cv_env_READELF_set=
ac_cv_env_READELF_value=
ac_cv_env_STRIP_FOR_TARGET_set=
ac_cv_env_STRIP_FOR_TARGET_value=
ac_cv_env_STRIP_set=
ac_cv_env_STRIP_value=
ac_cv_env_WINDMC_FOR_TARGET_set=
ac_cv_env_WINDMC_FOR_TARGET_value=
ac_cv_env_WINDMC_set=
ac_cv_env_WINDMC_value=
ac_cv_env_WINDRES_FOR_TARGET_set=
ac_cv_env_WINDRES_FOR_TARGET_value=
ac_cv_env_WINDRES_set=
ac_cv_env_WINDRES_value=
ac_cv_env_build_alias_set=
ac_cv_env_build_alias_value=
ac_cv_env_build_configargs_set=
ac_cv_env_build_configargs_value=
ac_cv_env_host_alias_set=
ac_cv_env_host_alias_value=
ac_cv_env_host_configargs_set=
ac_cv_env_host_configargs_value=
ac_cv_env_target_alias_set=set
ac_cv_env_target_alias_value=i686-elf
ac_cv_env_target_configargs_set=
ac_cv_env_target_configargs_value=
ac_cv_host=x86_64-pc-linux-gnu
ac_cv_objext=o
ac_cv_path_SED=/usr/bin/sed
ac_cv_path_install='/usr/bin/install -c'
ac_cv_prog_AR=ar
ac_cv_prog_AS=as
ac_cv_prog_AWK=gawk
ac_cv_prog_BISON=bison
ac_cv_prog_FLEX=flex
ac_cv_prog_LD=ld
ac_cv_prog_LEX=flex
ac_cv_prog_M4=m4
ac_cv_prog_MAKEINFO=makeinfo
ac_cv_prog_NM=nm
ac_cv_prog_OBJCOPY=objcopy
ac_cv_prog_OBJDUMP=objdump
ac_cv_prog_RANLIB=ranlib
ac_cv_prog_READELF=readelf
ac_cv_prog_STRIP=strip
ac_cv_prog_YACC='bison -y'
ac_cv_prog_ac_ct_CC=gcc
ac_cv_prog_ac_ct_CXX=g++
ac_cv_prog_cc_c89=
ac_cv_prog_cc_c99=
ac_cv_prog_cc_g=yes
ac_cv_prog_cxx_g=yes
ac_cv_target=i686-pc-elf
acx_cv_cc_gcc_supports_ada=no
acx_cv_d_compiler_works=no
acx_cv_prog_LN=ln
gcc_cv_isl=yes
gcc_cv_prog_cmp_skip='cmp --ignore-initial=16 $$f1 $$f2'
gcc_cv_tool_dirs=
gcc_cv_tool_prefix=/home/stroxzu/opt/cross
lt_cv_objdir=.libs

## ----------------- ##
## Output variables. ##
## ----------------- ##

AR='ar'
AR_FOR_BUILD='$(AR)'
AR_FOR_TARGET='$$r/$(HOST_SUBDIR)/binutils/ar'
AR_PLUGIN_OPTION='--plugin /usr/libexec/gcc/x86_64-linux-gnu/13/liblto_plugin.so'
AS='as'
AS_FOR_BUILD='$(AS)'
AS_FOR_TARGET='$$r/$(HOST_SUBDIR)/gas/as-new'
AWK='gawk'
BISON='bison'
BUILD_CONFIG=''
CC='gcc'
CC_FOR_BUILD='$(CC)'
CC_FOR_TARGET='i686-elf-cc'
CFLAGS='-g -O2'
CFLAGS_FOR_BUILD='-g -O2'
CFLAGS_FOR_TARGET='-g -O2'
COMPILER_AS_FOR_TARGET='$(AS_FOR_TARGET)'
COMPILER_LD_FOR_TARGET='$(LD_FOR_TARGET)'
COMPILER_NM_FOR_TARGET='$(NM_FOR_TARGET)'
CONFIGURE_GDB_TK=''
CPPFLAGS=''
CPPFLAGS_FOR_BUILD=''
CPP_FOR_BUILD=''
CXX='g++'
CXXFLAGS='-g -O2'
CXXFLAGS_FOR_BUILD='-g -O2'
CXXFLAGS_FOR_TARGET='-g -O2'
CXX_FOR_BUILD='$(CXX)'
CXX_FOR_TARGET='i686-elf-c++'
DEBUG_PREFIX_CFLAGS_FOR_TARGET=''
DEFS='-DPACKAGE_NAME=\"\" -DPACKAGE_TARNAME=\"\" -DPACKAGE_VERSION=\"\" -DPACKAGE_STRING=\"\" -DPACKAGE_BUGREPORT=\"\" -DPACKAGE_URL=\"\" -DLT_OBJDIR=\".libs/\"'
DLLTOOL='dlltool'
DLLTOOL_FOR_BUILD='$(DLLTOOL)'
DLLTOOL_FOR_TARGET='$$r/$(HOST_SUBDIR)/binutils/dlltool'
DSYMUTIL='dsymutil'
DSYMUTIL_FOR_BUILD='$(DSYMUTIL)'
DSYMUTIL_FOR_TARGET='i686-elf-dsymutil'
ECHO_C=''
ECHO_N='-n'
ECHO_T=''
EXEEXT=''
EXPECT='expect'
FLAGS_FOR_TARGET=' -L$$r/$(HOST_SUBDIR)/ld'
FLEX='flex'
GCC_FOR_TARGET='i686-elf-gcc'
GCC_SHLIB_SUBDIR=''
GDB_TK=''
GDC='no'
GDCFLAGS='-g -O2'
GDC_FOR_BUILD='$(GDC)'
GDC_FOR_TARGET='i686-elf-gdc'
GFORTRAN_FOR_BUILD='$(GFORTRAN)'
GFORTRAN_FOR_TARGET='i686-elf-gfortran'
GM2_FOR_TARGET='i686-elf-gm2'
GNATBIND='no'
GNATMAKE='no'
GOC_FOR_BUILD='$(GOC)'
GOC_FOR_TARGET='i686-elf-gccgo'
HAVE_CXX11=''
HAVE_CXX11_FOR_BUILD=''
INSTALL_DATA='${INSTALL} -m 644'
INSTALL_GDB_TK=''
INSTALL_PROGRAM='${INSTALL}'
INSTALL_SCRIPT='${INSTALL}'
LD='ld'
LDFLAGS=''
LDFLAGS_FOR_BUILD=''
LDFLAGS_FOR_TARGET=''
LD_FOR_BUILD='$(LD)'
LD_FOR_TARGET='$$r/$(HOST_SUBDIR)/ld/ld-new'
LEX='flex'
LIBOBJS=''
LIBS=''
LIPO='lipo'
LIPO_FOR_TARGET='i686-elf-lipo'
LN='ln'
LN_S='ln -s'
LTLIBOBJS=''
M4='m4'
MAINT='#'
MAINTAINER_MODE_FALSE=''
MAINTAINER_MODE_TRUE='#'
MAKEINFO='makeinfo'
NM='nm'
NM_FOR_BUILD='$(NM)'
NM_FOR_TARGET='$$r/$(HOST_SUBDIR)/binutils/nm-new'
OBJCOPY='objcopy'
OBJCOPY_FOR_TARGET='$$r/$(HOST_SUBDIR)/binutils/objcopy'
OBJDUMP='objdump'
OBJDUMP_FOR_TARGET='$$r/$(HOST_SUBDIR)/binutils/objdump'
OBJEXT='o'
OTOOL='otool'
OTOOL_FOR_TARGET='i686-elf-otool'
PACKAGE_BUGREPORT=''
PACKAGE_NAME=''
PACKAGE_STRING=''
PACKAGE_TARNAME=''
PACKAGE_URL=''
PACKAGE_VERSION=''
PATH_SEPARATOR=':'
PGO_BUILD_GEN_CFLAGS=''
PGO_BUILD_LTO_CFLAGS=''
PGO_BUILD_USE_CFLAGS=''
PICFLAG=''
PKG_CONFIG_PATH=''
RANLIB='ranlib'
RANLIB_FOR_BUILD='$(RANLIB)'
RANLIB_FOR_TARGET='$$r/$(HOST_SUBDIR)/binutils/ranlib'
RANLIB_PLUGIN_OPTION='--plugin /usr/libexec/gcc/x86_64-linux-gnu/13/liblto_plugin.so'
RAW_CXX_FOR_TARGET='i686-elf-c++'
READELF='readelf'
READELF_FOR_TARGET='$$r/$(HOST_SUBDIR)/binutils/readelf'
RPATH_ENVVAR='LD_LIBRARY_PATH'
RUNTEST='runtest'
SED='/usr/bin/sed'
SHELL='/bin/bash'
STRIP='strip'
STRIP_FOR_TARGET='$$r/$(HOST_SUBDIR)/binutils/strip-new'
SYSROOT_CFLAGS_FOR_TARGET=''
TOPLEVEL_CONFIGURE_ARGUMENTS='../../binutils-2.42/configure --target=i686-elf --prefix=/home/stroxzu/opt/cross --with-sysroot --disable-nls --disable-werror'
WINDMC='windmc'
WINDMC_FOR_BUILD='$(WINDMC)'
WINDMC_FOR_TARGET='$$r/$(HOST_SUBDIR)/binutils/windmc'
WINDRES='windres'
WINDRES_FOR_BUILD='$(WINDRES)'
WINDRES_FOR_TARGET='$$r/$(HOST_SUBDIR)/binutils/windres'
YACC='bison -y'
ac_ct_CC='gcc'
ac_ct_CXX='g++'
bindir='${exec_prefix}/bin'
build='x86_64-pc-linux-gnu'
build_alias=''
build_configargs=' --cache-file=./config.cache '\''--prefix=/home/stroxzu/opt/cross'\'' '\''--with-sysroot'\'' '\''--disable-nls'\'' '\''--disable-werror'\'' --program-transform-name='\''s&^&i686-elf-&'\'' --disable-option-checking'
build_configdirs=' libiberty'
build_cpu='x86_64'
build_libsubdir='build-x86_64-pc-linux-gnu'
build_noncanonical='x86_64-pc-linux-gnu'
build_os='linux-gnu'
build_subdir='build-x86_64-pc-linux-gnu'
build_tooldir='${exec_prefix}/i686-elf'
build_vendor='pc'
compare_exclusions='gcc/cc*-checksum$(objext) | gcc/ada/*tools/* | gcc/m2/gm2-compiler-boot/M2Version* | gcc/m2/gm2-compiler-boot/SYSTEM* | gcc/m2/gm2version*'
configdirs=' libiberty opcodes bfd zlib libctf libsframe binutils gas ld gprof etc'
datadir='${datarootdir}'
datarootdir='${prefix}/share'
do_compare='cmp --ignore-initial=16 $$f1 $$f2'
docdir='${datarootdir}/doc/${PACKAGE}'
dvidir='${docdir}'
exec_prefix='${prefix}'
extra_host_libiberty_configure_flags=''
extra_host_zlib_configure_flags=''
extra_isl_gmp_configure_flags=''
extra_linker_plugin_configure_flags=''
extra_linker_plugin_flags=''
extra_mpc_gmp_configure_flags=''
extra_mpc_mpfr_configure_flags=''
extra_mpfr_configure_flags=''
gcc_host_pie=''
get_gcc_base_ver='cat'
gmpinc=''
gmplibs='-lmpfr -lgmp'
host='x86_64-pc-linux-gnu'
host_alias=''
host_configargs=' --cache-file=./config.cache  --with-gnu-as --with-gnu-ld '\''--prefix=/home/stroxzu/opt/cross'\'' '\''--with-sysroot'\'' '\''--disable-nls'\'' '\''--disable-werror'\'' --program-transform-name='\''s&^&i686-elf-&'\'' --disable-option-checking'
host_cpu='x86_64'
host_libs_picflag=''
host_noncanonical='x86_64-pc-linux-gnu'
host_os='linux-gnu'
host_pie='no'
host_shared='no'
host_subdir='.'
host_vendor='pc'
htmldir='${docdir}'
includedir='${prefix}/include'
infodir='${datarootdir}/info'
islinc=''
isllibs=' -lisl'
libdir='${exec_prefix}/lib'
libexecdir='${exec_prefix}/libexec'
localedir='${datarootdir}/locale'
localstatedir='${prefix}/var'
mandir='${datarootdir}/man'
oldincludedir='/usr/include'
pdfdir='${docdir}'
poststage1_ldflags='-static-libstdc++ -static-libgcc'
poststage1_libs=''
prefix='/home/stroxzu/opt/cross'
program_transform_name='s&^&i686-elf-&'
psdir='${docdir}'
sbindir='${exec_prefix}/sbin'
sharedstatedir='${prefix}/com'
stage1_cflags='-g'
stage1_checking='--enable-checking=yes,types'
stage1_languages=',c,'
stage1_ldflags=''
stage1_libs=''
stage2_werror_flag=''
sysconfdir='${prefix}/etc'
target='i686-pc-elf'
target_alias='i686-elf'
target_configargs='--cache-file=./config.cache --enable-multilib --with-cross-host=x86_64-pc-linux-gnu   '\''--prefix=/home/stroxzu/opt/cross'\'' '\''--with-sysroot'\'' '\''--disable-nls'\'' '\''--disable-werror'\'' --program-transform-name='\''s&^&i686-elf-&'\'' --disable-option-checking --disable-year2038'
target_configdirs=''
target_cpu='i686'
target_noncanonical='i686-elf'
target_os='elf'
target_subdir='i686-elf'
target_vendor='pc'
tooldir='${exec_prefix}/i686-elf'

## ------------------- ##
## File substitutions. ##
## ------------------- ##

alphaieee_frag='/dev/null'
host_makefile_frag='/dev/null'
ospace_frag='/dev/null'
serialization_dependencies='serdep.tmp'
target_makefile_frag='/dev/null'

## ----------- ##
## confdefs.h. ##
## ----------- ##

/* confdefs.h */
#define PACKAGE_NAME ""
#define PACKAGE_TARNAME ""
#define PACKAGE_VERSION ""
#define PACKAGE_STRING ""
#define PACKAGE_BUGREPORT ""
#define PACKAGE_URL ""
#define LT_OBJDIR ".libs/"

configure: exit 0
